2000.06.23 01:21 B C:\prodigy\working\Wrapper\lisp-source\patches3.lisp <-- mcox /usr/local/mcox/Research/PRODIGY/Wrapper/lisp-source patches3.lisp
2000.06.23 06:24 B C:\prodigy\working\Wrapper\lisp-source\kqml.lisp <-- mcox /usr/local/mcox/Research/PRODIGY/Wrapper/lisp-source kqml.lisp
2000.06.23 06:24 B C:\prodigy\working\Wrapper\lisp-source\patches3.lisp <-- mcox /usr/local/mcox/Research/PRODIGY/Wrapper/lisp-source patches3.lisp
2000.06.23 06:24 B C:\prodigy\working\Wrapper\lisp-source\registrar.lisp <-- mcox /usr/local/mcox/Research/PRODIGY/Wrapper/lisp-source registrar.lisp
2000.10.25 12:11 B C:\prodigy\working\Wrapper\lisp-source\goal-extract.lisp --> cheops /usr/local/users/mcox/Research/PRODIGY/Wrapper/lisp-source goal-extract.lisp
2000.10.25 12:13 B C:\prodigy\working\Wrapper\lisp-source\process-domain-file.lisp --> cheops /usr/local/users/mcox/Research/PRODIGY/Wrapper/lisp-source process-domain-file.lisp
2000.10.29 19:50 A C:\prodigy\working\Wrapper\lisp-source\performatives.lisp --> cheops /usr/local/users/mcox/Research/PRODIGY/Wrapper/lisp-source performatives.lisp
2000.10.29 19:55 A C:\prodigy\working\Wrapper\lisp-source\kqml.lisp --> cheops /usr/local/users/mcox/Research/PRODIGY/Wrapper/lisp-source kqml.lisp
2000.12.21 12:43 B C:\prodigy\working\Wrapper\lisp-source\file-fns.lisp <-- cheops /usr/local/users/mcox/Research/PRODIGY/Wrapper/lisp-source file-fns.lisp
2000.12.21 12:43 B C:\prodigy\working\Wrapper\lisp-source\frame2alternate.lisp <-- cheops /usr/local/users/mcox/Research/PRODIGY/Wrapper/lisp-source frame2alternate.lisp
2000.12.21 12:43 B C:\prodigy\working\Wrapper\lisp-source\goal-extract.lisp <-- cheops /usr/local/users/mcox/Research/PRODIGY/Wrapper/lisp-source goal-extract.lisp
2000.12.21 12:43 B C:\prodigy\working\Wrapper\lisp-source\goal-extract.lisp~ <-- cheops /usr/local/users/mcox/Research/PRODIGY/Wrapper/lisp-source goal-extract.lisp~
2000.12.21 12:43 B C:\prodigy\working\Wrapper\lisp-source\kqml.lisp <-- cheops /usr/local/users/mcox/Research/PRODIGY/Wrapper/lisp-source kqml.lisp
2000.12.21 12:43 B C:\prodigy\working\Wrapper\lisp-source\kqml.lisp~ <-- cheops /usr/local/users/mcox/Research/PRODIGY/Wrapper/lisp-source kqml.lisp~
2000.12.21 12:43 B C:\prodigy\working\Wrapper\lisp-source\patches3.lisp~ <-- cheops /usr/local/users/mcox/Research/PRODIGY/Wrapper/lisp-source patches3.lisp~
2000.12.21 12:43 B C:\prodigy\working\Wrapper\lisp-source\performatives.lisp <-- cheops /usr/local/users/mcox/Research/PRODIGY/Wrapper/lisp-source performatives.lisp
2000.12.21 12:43 B C:\prodigy\working\Wrapper\lisp-source\performatives.lisp~ <-- cheops /usr/local/users/mcox/Research/PRODIGY/Wrapper/lisp-source performatives.lisp~
2000.12.21 12:43 B C:\prodigy\working\Wrapper\lisp-source\plan2frames-and-state.lisp <-- cheops /usr/local/users/mcox/Research/PRODIGY/Wrapper/lisp-source plan2frames-and-state.lisp
2000.12.21 12:43 B C:\prodigy\working\Wrapper\lisp-source\plan2frames-and-state.lisp~ <-- cheops /usr/local/users/mcox/Research/PRODIGY/Wrapper/lisp-source plan2frames-and-state.lisp~
2000.12.21 12:43 B C:\prodigy\working\Wrapper\lisp-source\plan2frames.lisp <-- cheops /usr/local/users/mcox/Research/PRODIGY/Wrapper/lisp-source plan2frames.lisp
2000.12.21 12:43 B C:\prodigy\working\Wrapper\lisp-source\process-domain-file.lisp <-- cheops /usr/local/users/mcox/Research/PRODIGY/Wrapper/lisp-source process-domain-file.lisp
2000.12.21 12:43 B C:\prodigy\working\Wrapper\lisp-source\process-domain-file.lisp~ <-- cheops /usr/local/users/mcox/Research/PRODIGY/Wrapper/lisp-source process-domain-file.lisp~
2000.12.21 12:43 B C:\prodigy\working\Wrapper\lisp-source\process-domain-file.old <-- cheops /usr/local/users/mcox/Research/PRODIGY/Wrapper/lisp-source process-domain-file.old
2000.12.21 12:43 B C:\prodigy\working\Wrapper\lisp-source\registrar.lisp <-- cheops /usr/local/users/mcox/Research/PRODIGY/Wrapper/lisp-source registrar.lisp
2000.12.21 12:43 B C:\prodigy\working\Wrapper\lisp-source\registrar.lisp~ <-- cheops /usr/local/users/mcox/Research/PRODIGY/Wrapper/lisp-source registrar.lisp~
