This file contains any messages produced by compilers while
running configure, to aid debugging if configure makes a mistake.

It was created by configure, which was
generated by GNU Autoconf 2.61.  Invocation command line was

  $ ./configure --prefix=/fs/erewhon/group/systems/utils

## --------- ##
## Platform. ##
## --------- ##

hostname = metacog
uname -m = i686
uname -r = 2.6.18-238.1.1.el5
uname -s = Linux
uname -v = #1 SMP Tue Jan 4 13:34:58 EST 2011

/usr/bin/uname -p = unknown
/bin/uname -X     = unknown

/bin/arch              = i686
/usr/bin/arch -k       = unknown
/usr/convex/getsysinfo = unknown
/usr/bin/hostinfo      = unknown
/bin/machine           = unknown
/usr/bin/oslevel       = unknown
/bin/universe          = unknown

PATH: /fs/other/darsana/bin/i686
PATH: .
PATH: /fs/other/darsana/bin
PATH: /usr/imports/bin
PATH: /usr/local/bin
PATH: /usr/imports/bin/X11
PATH: /bin
PATH: /usr/lang
PATH: /usr/bin
PATH: /usr/ccs/bin/
PATH: /usr/imports/bin/mh
PATH: /usr/openwin/bin
PATH: /usr/lib
PATH: /usr/imports/lib
PATH: /usr/local/lib
PATH: /usr/imports/lib/X11
PATH: /usr/lib
PATH: /usr/ccs/lib
PATH: /usr/imports/allegro/bin
PATH: /usr/imports/libexec
PATH: /usr/etc
PATH: /usr/include
PATH: /usr/imports/include
PATH: /usr/local/include
PATH: /usr/games
PATH: /usr/ucb
PATH: /usr/man
PATH: /usr/man/man1
PATH: /usr/man/man2
PATH: /other/darsana/Apache/conf
PATH: /fs/erewhon/group/systems/utils/include
PATH: /fs/erewhon/group/systems/utils/bin
PATH: /fs/erewhon/group/systems/utils/lib


## ----------- ##
## Core tests. ##
## ----------- ##

configure:2125: checking for gcc
configure:2141: found /usr/bin/gcc
configure:2152: result: gcc
configure:2390: checking for C compiler version
configure:2397: gcc --version >&5
gcc (GCC) 4.1.2 20080704 (Red Hat 4.1.2-50)
Copyright (C) 2006 Free Software Foundation, Inc.
This is free software; see the source for copying conditions.  There is NO
warranty; not even for MERCHANTABILITY or FITNESS FOR A PARTICULAR PURPOSE.

configure:2400: $? = 0
configure:2407: gcc -v >&5
Using built-in specs.
Target: i386-redhat-linux
Configured with: ../configure --prefix=/usr --mandir=/usr/share/man --infodir=/usr/share/info --enable-shared --enable-threads=posix --enable-checking=release --with-system-zlib --enable-__cxa_atexit --disable-libunwind-exceptions --enable-libgcj-multifile --enable-languages=c,c++,objc,obj-c++,java,fortran,ada --enable-java-awt=gtk --disable-dssi --disable-plugin --with-java-home=/usr/lib/jvm/java-1.4.2-gcj-1.4.2.0/jre --with-cpu=generic --host=i386-redhat-linux
Thread model: posix
gcc version 4.1.2 20080704 (Red Hat 4.1.2-50)
configure:2410: $? = 0
configure:2417: gcc -V >&5
gcc: '-V' option must have argument
configure:2420: $? = 1
configure:2443: checking for C compiler default output file name
configure:2470: gcc    conftest.c  >&5
configure:2473: $? = 0
configure:2511: result: a.out
configure:2528: checking whether the C compiler works
configure:2538: ./a.out
configure:2541: $? = 0
configure:2558: result: yes
configure:2565: checking whether we are cross compiling
configure:2567: result: no
configure:2570: checking for suffix of executables
configure:2577: gcc -o conftest    conftest.c  >&5
configure:2580: $? = 0
configure:2604: result: 
configure:2610: checking for suffix of object files
configure:2636: gcc -c   conftest.c >&5
configure:2639: $? = 0
configure:2662: result: o
configure:2666: checking whether we are using the GNU C compiler
configure:2695: gcc -c   conftest.c >&5
configure:2701: $? = 0
configure:2718: result: yes
configure:2723: checking whether gcc accepts -g
configure:2753: gcc -c -g  conftest.c >&5
configure:2759: $? = 0
configure:2858: result: yes
configure:2875: checking for gcc option to accept ISO C89
configure:2949: gcc  -c   conftest.c >&5
configure:2955: $? = 0
configure:2978: result: none needed
configure:3054: checking for g++
configure:3070: found /usr/bin/g++
configure:3081: result: g++
configure:3112: checking for C++ compiler version
configure:3119: g++ --version >&5
g++ (GCC) 4.1.2 20080704 (Red Hat 4.1.2-50)
Copyright (C) 2006 Free Software Foundation, Inc.
This is free software; see the source for copying conditions.  There is NO
warranty; not even for MERCHANTABILITY or FITNESS FOR A PARTICULAR PURPOSE.

configure:3122: $? = 0
configure:3129: g++ -v >&5
Using built-in specs.
Target: i386-redhat-linux
Configured with: ../configure --prefix=/usr --mandir=/usr/share/man --infodir=/usr/share/info --enable-shared --enable-threads=posix --enable-checking=release --with-system-zlib --enable-__cxa_atexit --disable-libunwind-exceptions --enable-libgcj-multifile --enable-languages=c,c++,objc,obj-c++,java,fortran,ada --enable-java-awt=gtk --disable-dssi --disable-plugin --with-java-home=/usr/lib/jvm/java-1.4.2-gcj-1.4.2.0/jre --with-cpu=generic --host=i386-redhat-linux
Thread model: posix
gcc version 4.1.2 20080704 (Red Hat 4.1.2-50)
configure:3132: $? = 0
configure:3139: g++ -V >&5
g++: '-V' option must have argument
configure:3142: $? = 1
configure:3145: checking whether we are using the GNU C++ compiler
configure:3174: g++ -c   conftest.cpp >&5
configure:3180: $? = 0
configure:3197: result: yes
configure:3202: checking whether g++ accepts -g
configure:3232: g++ -c -g  conftest.cpp >&5
configure:3238: $? = 0
configure:3337: result: yes
configure:3404: checking for a BSD-compatible install
configure:3460: result: /usr/bin/install -c
configure:3482: checking for nroff
configure:3500: found /usr/bin/nroff
configure:3512: result: /usr/bin/nroff
configure:3570: checking for htmldoc
configure:3603: result: no
configure:3652: checking for ranlib
configure:3668: found /usr/bin/ranlib
configure:3679: result: ranlib
configure:3707: checking for ar
configure:3725: found /usr/bin/ar
configure:3737: result: /usr/bin/ar
configure:3766: checking how to run the C preprocessor
configure:3806: gcc -E  conftest.c
configure:3812: $? = 0
configure:3843: gcc -E  conftest.c
conftest.c:8:28: error: ac_nonexistent.h: No such file or directory
configure:3849: $? = 1
configure: failed program was:
| /* confdefs.h.  */
| #define PACKAGE_NAME ""
| #define PACKAGE_TARNAME ""
| #define PACKAGE_VERSION ""
| #define PACKAGE_STRING ""
| #define PACKAGE_BUGREPORT ""
| /* end confdefs.h.  */
| #include <ac_nonexistent.h>
configure:3882: result: gcc -E
configure:3911: gcc -E  conftest.c
configure:3917: $? = 0
configure:3948: gcc -E  conftest.c
conftest.c:8:28: error: ac_nonexistent.h: No such file or directory
configure:3954: $? = 1
configure: failed program was:
| /* confdefs.h.  */
| #define PACKAGE_NAME ""
| #define PACKAGE_TARNAME ""
| #define PACKAGE_VERSION ""
| #define PACKAGE_STRING ""
| #define PACKAGE_BUGREPORT ""
| /* end confdefs.h.  */
| #include <ac_nonexistent.h>
configure:3992: checking for grep that handles long lines and -e
configure:4066: result: /bin/grep
configure:4071: checking for egrep
configure:4149: result: /bin/grep -E
configure:4154: checking for ANSI C header files
configure:4184: gcc -c   conftest.c >&5
configure:4190: $? = 0
configure:4289: gcc -o conftest    conftest.c  >&5
configure:4292: $? = 0
configure:4298: ./conftest
configure:4301: $? = 0
configure:4318: result: yes
configure:4342: checking for sys/types.h
configure:4363: gcc -c   conftest.c >&5
configure:4369: $? = 0
configure:4385: result: yes
configure:4342: checking for sys/stat.h
configure:4363: gcc -c   conftest.c >&5
configure:4369: $? = 0
configure:4385: result: yes
configure:4342: checking for stdlib.h
configure:4363: gcc -c   conftest.c >&5
configure:4369: $? = 0
configure:4385: result: yes
configure:4342: checking for string.h
configure:4363: gcc -c   conftest.c >&5
configure:4369: $? = 0
configure:4385: result: yes
configure:4342: checking for memory.h
configure:4363: gcc -c   conftest.c >&5
configure:4369: $? = 0
configure:4385: result: yes
configure:4342: checking for strings.h
configure:4363: gcc -c   conftest.c >&5
configure:4369: $? = 0
configure:4385: result: yes
configure:4342: checking for inttypes.h
configure:4363: gcc -c   conftest.c >&5
configure:4369: $? = 0
configure:4385: result: yes
configure:4342: checking for stdint.h
configure:4363: gcc -c   conftest.c >&5
configure:4369: $? = 0
configure:4385: result: yes
configure:4342: checking for unistd.h
configure:4363: gcc -c   conftest.c >&5
configure:4369: $? = 0
configure:4385: result: yes
configure:4397: checking whether byte ordering is bigendian
configure:4430: gcc -c   conftest.c >&5
configure:4436: $? = 0
configure:4468: gcc -c   conftest.c >&5
conftest.c: In function 'main':
conftest.c:25: error: 'not' undeclared (first use in this function)
conftest.c:25: error: (Each undeclared identifier is reported only once
conftest.c:25: error: for each function it appears in.)
conftest.c:25: error: expected ';' before 'big'
configure:4474: $? = 1
configure: failed program was:
| /* confdefs.h.  */
| #define PACKAGE_NAME ""
| #define PACKAGE_TARNAME ""
| #define PACKAGE_VERSION ""
| #define PACKAGE_STRING ""
| #define PACKAGE_BUGREPORT ""
| #define STDC_HEADERS 1
| #define HAVE_SYS_TYPES_H 1
| #define HAVE_SYS_STAT_H 1
| #define HAVE_STDLIB_H 1
| #define HAVE_STRING_H 1
| #define HAVE_MEMORY_H 1
| #define HAVE_STRINGS_H 1
| #define HAVE_INTTYPES_H 1
| #define HAVE_STDINT_H 1
| #define HAVE_UNISTD_H 1
| /* end confdefs.h.  */
| #include <sys/types.h>
| #include <sys/param.h>
| 
| int
| main ()
| {
| #if BYTE_ORDER != BIG_ENDIAN
|  not big endian
| #endif
| 
|   ;
|   return 0;
| }
configure:4614: result: no
configure:4634: checking for short
configure:4664: gcc -c   conftest.c >&5
configure:4670: $? = 0
configure:4685: result: yes
configure:4692: checking size of short
configure:4994: gcc -o conftest    conftest.c  >&5
configure:4997: $? = 0
configure:5003: ./conftest
configure:5006: $? = 0
configure:5029: result: 2
configure:5039: checking for int
configure:5069: gcc -c   conftest.c >&5
configure:5075: $? = 0
configure:5090: result: yes
configure:5097: checking size of int
configure:5399: gcc -o conftest    conftest.c  >&5
configure:5402: $? = 0
configure:5408: ./conftest
configure:5411: $? = 0
configure:5434: result: 4
configure:5444: checking for long
configure:5474: gcc -c   conftest.c >&5
configure:5480: $? = 0
configure:5495: result: yes
configure:5502: checking size of long
configure:5804: gcc -o conftest    conftest.c  >&5
configure:5807: $? = 0
configure:5813: ./conftest
configure:5816: $? = 0
configure:5839: result: 4
configure:5883: checking whether the compiler recognizes bool as a built-in type
configure:5924: g++ -c   conftest.cpp >&5
configure:5930: $? = 0
configure:5952: result: yes
configure:5967: checking for dirent.h that defines DIR
configure:5996: gcc -c   conftest.c >&5
configure:6002: $? = 0
configure:6018: result: yes
configure:6031: checking for library containing opendir
configure:6072: gcc -o conftest    conftest.c  >&5
configure:6078: $? = 0
configure:6106: result: none required
configure:6210: checking sys/select.h usability
configure:6227: gcc -c   conftest.c >&5
configure:6233: $? = 0
configure:6247: result: yes
configure:6251: checking sys/select.h presence
configure:6266: gcc -E  conftest.c
configure:6272: $? = 0
configure:6286: result: yes
configure:6314: checking for sys/select.h
configure:6321: result: yes
configure:6343: checking sys/stdtypes.h usability
configure:6360: gcc -c   conftest.c >&5
conftest.c:58:26: error: sys/stdtypes.h: No such file or directory
configure:6366: $? = 1
configure: failed program was:
| /* confdefs.h.  */
| #define PACKAGE_NAME ""
| #define PACKAGE_TARNAME ""
| #define PACKAGE_VERSION ""
| #define PACKAGE_STRING ""
| #define PACKAGE_BUGREPORT ""
| #define STDC_HEADERS 1
| #define HAVE_SYS_TYPES_H 1
| #define HAVE_SYS_STAT_H 1
| #define HAVE_STDLIB_H 1
| #define HAVE_STRING_H 1
| #define HAVE_MEMORY_H 1
| #define HAVE_STRINGS_H 1
| #define HAVE_INTTYPES_H 1
| #define HAVE_STDINT_H 1
| #define HAVE_UNISTD_H 1
| #define SIZEOF_SHORT 2
| #define SIZEOF_INT 4
| #define SIZEOF_LONG 4
| #define U16 unsigned short
| #define U32 unsigned
| #define HAVE_DIRENT_H 1
| #define HAVE_SYS_SELECT_H 1
| /* end confdefs.h.  */
| #include <stdio.h>
| #ifdef HAVE_SYS_TYPES_H
| # include <sys/types.h>
| #endif
| #ifdef HAVE_SYS_STAT_H
| # include <sys/stat.h>
| #endif
| #ifdef STDC_HEADERS
| # include <stdlib.h>
| # include <stddef.h>
| #else
| # ifdef HAVE_STDLIB_H
| #  include <stdlib.h>
| # endif
| #endif
| #ifdef HAVE_STRING_H
| # if !defined STDC_HEADERS && defined HAVE_MEMORY_H
| #  include <memory.h>
| # endif
| # include <string.h>
| #endif
| #ifdef HAVE_STRINGS_H
| # include <strings.h>
| #endif
| #ifdef HAVE_INTTYPES_H
| # include <inttypes.h>
| #endif
| #ifdef HAVE_STDINT_H
| # include <stdint.h>
| #endif
| #ifdef HAVE_UNISTD_H
| # include <unistd.h>
| #endif
| #include <sys/stdtypes.h>
configure:6380: result: no
configure:6384: checking sys/stdtypes.h presence
configure:6399: gcc -E  conftest.c
conftest.c:25:26: error: sys/stdtypes.h: No such file or directory
configure:6405: $? = 1
configure: failed program was:
| /* confdefs.h.  */
| #define PACKAGE_NAME ""
| #define PACKAGE_TARNAME ""
| #define PACKAGE_VERSION ""
| #define PACKAGE_STRING ""
| #define PACKAGE_BUGREPORT ""
| #define STDC_HEADERS 1
| #define HAVE_SYS_TYPES_H 1
| #define HAVE_SYS_STAT_H 1
| #define HAVE_STDLIB_H 1
| #define HAVE_STRING_H 1
| #define HAVE_MEMORY_H 1
| #define HAVE_STRINGS_H 1
| #define HAVE_INTTYPES_H 1
| #define HAVE_STDINT_H 1
| #define HAVE_UNISTD_H 1
| #define SIZEOF_SHORT 2
| #define SIZEOF_INT 4
| #define SIZEOF_LONG 4
| #define U16 unsigned short
| #define U32 unsigned
| #define HAVE_DIRENT_H 1
| #define HAVE_SYS_SELECT_H 1
| /* end confdefs.h.  */
| #include <sys/stdtypes.h>
configure:6419: result: no
configure:6447: checking for sys/stdtypes.h
configure:6454: result: no
configure:6466: checking for scandir
configure:6522: gcc -o conftest    conftest.c  >&5
configure:6528: $? = 0
configure:6545: result: yes
configure:6560: checking whether we have the POSIX compatible scandir() prototype
configure:6600: g++ -c   conftest.cpp >&5
conftest.cpp: In function 'int func(const char*, dirent***, void*)':
conftest.cpp:29: error: invalid conversion from 'int (*)(const dirent**, const dirent**)' to 'int (*)(const void*, const void*)'
conftest.cpp:29: error:   initializing argument 4 of 'int scandir(const char*, dirent***, int (*)(const dirent*), int (*)(const void*, const void*))'
configure:6606: $? = 1
configure: failed program was:
| /* confdefs.h.  */
| #define PACKAGE_NAME ""
| #define PACKAGE_TARNAME ""
| #define PACKAGE_VERSION ""
| #define PACKAGE_STRING ""
| #define PACKAGE_BUGREPORT ""
| #define STDC_HEADERS 1
| #define HAVE_SYS_TYPES_H 1
| #define HAVE_SYS_STAT_H 1
| #define HAVE_STDLIB_H 1
| #define HAVE_STRING_H 1
| #define HAVE_MEMORY_H 1
| #define HAVE_STRINGS_H 1
| #define HAVE_INTTYPES_H 1
| #define HAVE_STDINT_H 1
| #define HAVE_UNISTD_H 1
| #define SIZEOF_SHORT 2
| #define SIZEOF_INT 4
| #define SIZEOF_LONG 4
| #define U16 unsigned short
| #define U32 unsigned
| #define HAVE_DIRENT_H 1
| #define HAVE_SYS_SELECT_H 1
| #define HAVE_SCANDIR 1
| /* end confdefs.h.  */
| 
| 	  #include <dirent.h>
| 	  int func (const char *d, dirent ***list, void *sort) {
| 	    int n = scandir(d, list, 0, (int(*)(const dirent **, const dirent **))sort);
| 	  }
| 
| int
| main ()
| {
| 
| 
|   ;
|   return 0;
| }
configure:6628: result: no
configure:6638: checking for vsnprintf
configure:6694: gcc -o conftest    conftest.c  >&5
conftest.c:49: warning: conflicting types for built-in function 'vsnprintf'
configure:6700: $? = 0
configure:6717: result: yes
configure:6755: checking for snprintf
configure:6811: gcc -o conftest    conftest.c  >&5
conftest.c:50: warning: conflicting types for built-in function 'snprintf'
configure:6817: $? = 0
configure:6834: result: yes
configure:6873: checking for strings.h
configure:6878: result: yes
configure:7011: checking for strcasecmp
configure:7067: gcc -o conftest    conftest.c  >&5
conftest.c:52: warning: conflicting types for built-in function 'strcasecmp'
configure:7073: $? = 0
configure:7091: result: yes
configure:7011: checking for strlcat
configure:7067: gcc -o conftest    conftest.c  >&5
/tmp/cc88U5eS.o: In function `main':
conftest.c:(.text+0x12): undefined reference to `strlcat'
collect2: ld returned 1 exit status
configure:7073: $? = 1
configure: failed program was:
| /* confdefs.h.  */
| #define PACKAGE_NAME ""
| #define PACKAGE_TARNAME ""
| #define PACKAGE_VERSION ""
| #define PACKAGE_STRING ""
| #define PACKAGE_BUGREPORT ""
| #define STDC_HEADERS 1
| #define HAVE_SYS_TYPES_H 1
| #define HAVE_SYS_STAT_H 1
| #define HAVE_STDLIB_H 1
| #define HAVE_STRING_H 1
| #define HAVE_MEMORY_H 1
| #define HAVE_STRINGS_H 1
| #define HAVE_INTTYPES_H 1
| #define HAVE_STDINT_H 1
| #define HAVE_UNISTD_H 1
| #define SIZEOF_SHORT 2
| #define SIZEOF_INT 4
| #define SIZEOF_LONG 4
| #define U16 unsigned short
| #define U32 unsigned
| #define HAVE_DIRENT_H 1
| #define HAVE_SYS_SELECT_H 1
| #define HAVE_SCANDIR 1
| #define HAVE_VSNPRINTF 1
| #define HAVE_SNPRINTF 1
| #define HAVE_STRINGS_H 1
| #define HAVE_STRCASECMP 1
| /* end confdefs.h.  */
| /* Define strlcat to an innocuous variant, in case <limits.h> declares strlcat.
|    For example, HP-UX 11i <limits.h> declares gettimeofday.  */
| #define strlcat innocuous_strlcat
| 
| /* System header to define __stub macros and hopefully few prototypes,
|     which can conflict with char strlcat (); below.
|     Prefer <limits.h> to <assert.h> if __STDC__ is defined, since
|     <limits.h> exists even on freestanding compilers.  */
| 
| #ifdef __STDC__
| # include <limits.h>
| #else
| # include <assert.h>
| #endif
| 
| #undef strlcat
| 
| /* Override any GCC internal prototype to avoid an error.
|    Use char because int might match the return type of a GCC
|    builtin and then its argument prototype would still apply.  */
| #ifdef __cplusplus
| extern "C"
| #endif
| char strlcat ();
| /* The GNU C library defines this for functions which it implements
|     to always fail with ENOSYS.  Some functions are actually named
|     something starting with __ and the normal name is an alias.  */
| #if defined __stub_strlcat || defined __stub___strlcat
| choke me
| #endif
| 
| int
| main ()
| {
| return strlcat ();
|   ;
|   return 0;
| }
configure:7091: result: no
configure:7011: checking for strlcpy
configure:7067: gcc -o conftest    conftest.c  >&5
/tmp/ccSn1mu2.o: In function `main':
conftest.c:(.text+0x12): undefined reference to `strlcpy'
collect2: ld returned 1 exit status
configure:7073: $? = 1
configure: failed program was:
| /* confdefs.h.  */
| #define PACKAGE_NAME ""
| #define PACKAGE_TARNAME ""
| #define PACKAGE_VERSION ""
| #define PACKAGE_STRING ""
| #define PACKAGE_BUGREPORT ""
| #define STDC_HEADERS 1
| #define HAVE_SYS_TYPES_H 1
| #define HAVE_SYS_STAT_H 1
| #define HAVE_STDLIB_H 1
| #define HAVE_STRING_H 1
| #define HAVE_MEMORY_H 1
| #define HAVE_STRINGS_H 1
| #define HAVE_INTTYPES_H 1
| #define HAVE_STDINT_H 1
| #define HAVE_UNISTD_H 1
| #define SIZEOF_SHORT 2
| #define SIZEOF_INT 4
| #define SIZEOF_LONG 4
| #define U16 unsigned short
| #define U32 unsigned
| #define HAVE_DIRENT_H 1
| #define HAVE_SYS_SELECT_H 1
| #define HAVE_SCANDIR 1
| #define HAVE_VSNPRINTF 1
| #define HAVE_SNPRINTF 1
| #define HAVE_STRINGS_H 1
| #define HAVE_STRCASECMP 1
| /* end confdefs.h.  */
| /* Define strlcpy to an innocuous variant, in case <limits.h> declares strlcpy.
|    For example, HP-UX 11i <limits.h> declares gettimeofday.  */
| #define strlcpy innocuous_strlcpy
| 
| /* System header to define __stub macros and hopefully few prototypes,
|     which can conflict with char strlcpy (); below.
|     Prefer <limits.h> to <assert.h> if __STDC__ is defined, since
|     <limits.h> exists even on freestanding compilers.  */
| 
| #ifdef __STDC__
| # include <limits.h>
| #else
| # include <assert.h>
| #endif
| 
| #undef strlcpy
| 
| /* Override any GCC internal prototype to avoid an error.
|    Use char because int might match the return type of a GCC
|    builtin and then its argument prototype would still apply.  */
| #ifdef __cplusplus
| extern "C"
| #endif
| char strlcpy ();
| /* The GNU C library defines this for functions which it implements
|     to always fail with ENOSYS.  Some functions are actually named
|     something starting with __ and the normal name is an alias.  */
| #if defined __stub_strlcpy || defined __stub___strlcpy
| choke me
| #endif
| 
| int
| main ()
| {
| return strlcpy ();
|   ;
|   return 0;
| }
configure:7091: result: no
configure:7112: checking locale.h usability
configure:7129: gcc -c   conftest.c >&5
configure:7135: $? = 0
configure:7149: result: yes
configure:7153: checking locale.h presence
configure:7168: gcc -E  conftest.c
configure:7174: $? = 0
configure:7188: result: yes
configure:7216: checking for locale.h
configure:7223: result: yes
configure:7239: checking for localeconv
configure:7295: gcc -o conftest    conftest.c  >&5
configure:7301: $? = 0
configure:7319: result: yes
configure:7330: checking for library containing pow
configure:7371: gcc -o conftest    conftest.c  >&5
conftest.c:39: warning: conflicting types for built-in function 'pow'
/tmp/ccINWGWx.o: In function `main':
conftest.c:(.text+0x12): undefined reference to `pow'
collect2: ld returned 1 exit status
configure:7377: $? = 1
configure: failed program was:
| /* confdefs.h.  */
| #define PACKAGE_NAME ""
| #define PACKAGE_TARNAME ""
| #define PACKAGE_VERSION ""
| #define PACKAGE_STRING ""
| #define PACKAGE_BUGREPORT ""
| #define STDC_HEADERS 1
| #define HAVE_SYS_TYPES_H 1
| #define HAVE_SYS_STAT_H 1
| #define HAVE_STDLIB_H 1
| #define HAVE_STRING_H 1
| #define HAVE_MEMORY_H 1
| #define HAVE_STRINGS_H 1
| #define HAVE_INTTYPES_H 1
| #define HAVE_STDINT_H 1
| #define HAVE_UNISTD_H 1
| #define SIZEOF_SHORT 2
| #define SIZEOF_INT 4
| #define SIZEOF_LONG 4
| #define U16 unsigned short
| #define U32 unsigned
| #define HAVE_DIRENT_H 1
| #define HAVE_SYS_SELECT_H 1
| #define HAVE_SCANDIR 1
| #define HAVE_VSNPRINTF 1
| #define HAVE_SNPRINTF 1
| #define HAVE_STRINGS_H 1
| #define HAVE_STRCASECMP 1
| #define HAVE_LOCALE_H 1
| #define HAVE_LOCALECONV 1
| /* end confdefs.h.  */
| 
| /* Override any GCC internal prototype to avoid an error.
|    Use char because int might match the return type of a GCC
|    builtin and then its argument prototype would still apply.  */
| #ifdef __cplusplus
| extern "C"
| #endif
| char pow ();
| int
| main ()
| {
| return pow ();
|   ;
|   return 0;
| }
configure:7371: gcc -o conftest    conftest.c -lm   >&5
conftest.c:39: warning: conflicting types for built-in function 'pow'
configure:7377: $? = 0
configure:7405: result: -lm
configure:7421: checking for special C compiler options needed for large files
configure:7514: result: no
configure:7520: checking for _FILE_OFFSET_BITS value needed for large files
configure:7555: gcc -c   conftest.c >&5
conftest.c:38: warning: left shift count >= width of type
conftest.c:38: warning: left shift count >= width of type
conftest.c:40: error: size of array 'off_t_is_large' is negative
configure:7561: $? = 1
configure: failed program was:
| /* confdefs.h.  */
| #define PACKAGE_NAME ""
| #define PACKAGE_TARNAME ""
| #define PACKAGE_VERSION ""
| #define PACKAGE_STRING ""
| #define PACKAGE_BUGREPORT ""
| #define STDC_HEADERS 1
| #define HAVE_SYS_TYPES_H 1
| #define HAVE_SYS_STAT_H 1
| #define HAVE_STDLIB_H 1
| #define HAVE_STRING_H 1
| #define HAVE_MEMORY_H 1
| #define HAVE_STRINGS_H 1
| #define HAVE_INTTYPES_H 1
| #define HAVE_STDINT_H 1
| #define HAVE_UNISTD_H 1
| #define SIZEOF_SHORT 2
| #define SIZEOF_INT 4
| #define SIZEOF_LONG 4
| #define U16 unsigned short
| #define U32 unsigned
| #define HAVE_DIRENT_H 1
| #define HAVE_SYS_SELECT_H 1
| #define HAVE_SCANDIR 1
| #define HAVE_VSNPRINTF 1
| #define HAVE_SNPRINTF 1
| #define HAVE_STRINGS_H 1
| #define HAVE_STRCASECMP 1
| #define HAVE_LOCALE_H 1
| #define HAVE_LOCALECONV 1
| /* end confdefs.h.  */
| #include <sys/types.h>
|  /* Check that off_t can represent 2**63 - 1 correctly.
|     We can't simply define LARGE_OFF_T to be 9223372036854775807,
|     since some C++ compilers masquerading as C compilers
|     incorrectly reject 9223372036854775807.  */
| #define LARGE_OFF_T (((off_t) 1 << 62) - 1 + ((off_t) 1 << 62))
|   int off_t_is_large[(LARGE_OFF_T % 2147483629 == 721
| 		       && LARGE_OFF_T % 2147483647 == 1)
| 		      ? 1 : -1];
| int
| main ()
| {
| 
|   ;
|   return 0;
| }
configure:7605: gcc -c   conftest.c >&5
configure:7611: $? = 0
configure:7629: result: 64
configure:7779: checking for long long int
configure:7830: result: yes
configure:7840: checking for strtoll
configure:7896: gcc -o conftest    conftest.c -lm  >&5
configure:7902: $? = 0
configure:7919: result: yes
configure:7929: checking for library containing dlsym
configure:7970: gcc -o conftest    conftest.c -lm  >&5
/tmp/ccqUnmef.o: In function `main':
conftest.c:(.text+0x12): undefined reference to `dlsym'
collect2: ld returned 1 exit status
configure:7976: $? = 1
configure: failed program was:
| /* confdefs.h.  */
| #define PACKAGE_NAME ""
| #define PACKAGE_TARNAME ""
| #define PACKAGE_VERSION ""
| #define PACKAGE_STRING ""
| #define PACKAGE_BUGREPORT ""
| #define STDC_HEADERS 1
| #define HAVE_SYS_TYPES_H 1
| #define HAVE_SYS_STAT_H 1
| #define HAVE_STDLIB_H 1
| #define HAVE_STRING_H 1
| #define HAVE_MEMORY_H 1
| #define HAVE_STRINGS_H 1
| #define HAVE_INTTYPES_H 1
| #define HAVE_STDINT_H 1
| #define HAVE_UNISTD_H 1
| #define SIZEOF_SHORT 2
| #define SIZEOF_INT 4
| #define SIZEOF_LONG 4
| #define U16 unsigned short
| #define U32 unsigned
| #define HAVE_DIRENT_H 1
| #define HAVE_SYS_SELECT_H 1
| #define HAVE_SCANDIR 1
| #define HAVE_VSNPRINTF 1
| #define HAVE_SNPRINTF 1
| #define HAVE_STRINGS_H 1
| #define HAVE_STRCASECMP 1
| #define HAVE_LOCALE_H 1
| #define HAVE_LOCALECONV 1
| #define _FILE_OFFSET_BITS 64
| #define HAVE_LONG_LONG 1
| #define HAVE_STRTOLL 1
| /* end confdefs.h.  */
| 
| /* Override any GCC internal prototype to avoid an error.
|    Use char because int might match the return type of a GCC
|    builtin and then its argument prototype would still apply.  */
| #ifdef __cplusplus
| extern "C"
| #endif
| char dlsym ();
| int
| main ()
| {
| return dlsym ();
|   ;
|   return 0;
| }
configure:7970: gcc -o conftest    conftest.c -ldl  -lm  >&5
configure:7976: $? = 0
configure:8004: result: -ldl
configure:8025: checking dlfcn.h usability
configure:8042: gcc -c   conftest.c >&5
configure:8048: $? = 0
configure:8062: result: yes
configure:8066: checking dlfcn.h presence
configure:8081: gcc -E  conftest.c
configure:8087: $? = 0
configure:8101: result: yes
configure:8129: checking for dlfcn.h
configure:8136: result: yes
configure:8171: checking alsa/asoundlib.h usability
configure:8188: gcc -c   conftest.c >&5
configure:8194: $? = 0
configure:8208: result: yes
configure:8212: checking alsa/asoundlib.h presence
configure:8227: gcc -E  conftest.c
configure:8233: $? = 0
configure:8247: result: yes
configure:8275: checking for alsa/asoundlib.h
configure:8282: result: yes
configure:8319: checking for jpeg_CreateCompress in -ljpeg
configure:8354: gcc -o conftest    conftest.c -ljpeg  -ldl -lm  >&5
configure:8360: $? = 0
configure:8378: result: yes
configure:8391: checking jpeglib.h usability
configure:8408: gcc -c   conftest.c >&5
configure:8414: $? = 0
configure:8428: result: yes
configure:8432: checking jpeglib.h presence
configure:8447: gcc -E  conftest.c
configure:8453: $? = 0
configure:8467: result: yes
configure:8495: checking for jpeglib.h
configure:8502: result: yes
configure:8556: checking for gzgets in -lz
configure:8591: gcc -o conftest    conftest.c -lz  -ldl -lm  >&5
configure:8597: $? = 0
configure:8615: result: yes
configure:8628: checking zlib.h usability
configure:8645: gcc -c   conftest.c >&5
configure:8651: $? = 0
configure:8665: result: yes
configure:8669: checking zlib.h presence
configure:8684: gcc -E  conftest.c
configure:8690: $? = 0
configure:8704: result: yes
configure:8732: checking for zlib.h
configure:8739: result: yes
configure:8797: checking for png_read_info in -lpng
configure:8832: gcc -o conftest    conftest.c -lpng  -lz -ldl -lm  >&5
configure:8838: $? = 0
configure:8856: result: yes
configure:8869: checking png.h usability
configure:8886: gcc -c   conftest.c >&5
configure:8892: $? = 0
configure:8906: result: yes
configure:8910: checking png.h presence
configure:8925: gcc -E  conftest.c
configure:8931: $? = 0
configure:8945: result: yes
configure:8973: checking for png.h
configure:8980: result: yes
configure:9003: checking libpng/png.h usability
configure:9020: gcc -c   conftest.c >&5
conftest.c:74:24: error: libpng/png.h: No such file or directory
configure:9026: $? = 1
configure: failed program was:
| /* confdefs.h.  */
| #define PACKAGE_NAME ""
| #define PACKAGE_TARNAME ""
| #define PACKAGE_VERSION ""
| #define PACKAGE_STRING ""
| #define PACKAGE_BUGREPORT ""
| #define STDC_HEADERS 1
| #define HAVE_SYS_TYPES_H 1
| #define HAVE_SYS_STAT_H 1
| #define HAVE_STDLIB_H 1
| #define HAVE_STRING_H 1
| #define HAVE_MEMORY_H 1
| #define HAVE_STRINGS_H 1
| #define HAVE_INTTYPES_H 1
| #define HAVE_STDINT_H 1
| #define HAVE_UNISTD_H 1
| #define SIZEOF_SHORT 2
| #define SIZEOF_INT 4
| #define SIZEOF_LONG 4
| #define U16 unsigned short
| #define U32 unsigned
| #define HAVE_DIRENT_H 1
| #define HAVE_SYS_SELECT_H 1
| #define HAVE_SCANDIR 1
| #define HAVE_VSNPRINTF 1
| #define HAVE_SNPRINTF 1
| #define HAVE_STRINGS_H 1
| #define HAVE_STRCASECMP 1
| #define HAVE_LOCALE_H 1
| #define HAVE_LOCALECONV 1
| #define _FILE_OFFSET_BITS 64
| #define HAVE_LONG_LONG 1
| #define HAVE_STRTOLL 1
| #define HAVE_DLSYM 1
| #define HAVE_DLFCN_H 1
| #define HAVE_ALSA_ASOUNDLIB_H 1
| #define HAVE_LIBJPEG 1
| #define HAVE_LIBZ 1
| #define HAVE_PNG_H 1
| /* end confdefs.h.  */
| #include <stdio.h>
| #ifdef HAVE_SYS_TYPES_H
| # include <sys/types.h>
| #endif
| #ifdef HAVE_SYS_STAT_H
| # include <sys/stat.h>
| #endif
| #ifdef STDC_HEADERS
| # include <stdlib.h>
| # include <stddef.h>
| #else
| # ifdef HAVE_STDLIB_H
| #  include <stdlib.h>
| # endif
| #endif
| #ifdef HAVE_STRING_H
| # if !defined STDC_HEADERS && defined HAVE_MEMORY_H
| #  include <memory.h>
| # endif
| # include <string.h>
| #endif
| #ifdef HAVE_STRINGS_H
| # include <strings.h>
| #endif
| #ifdef HAVE_INTTYPES_H
| # include <inttypes.h>
| #endif
| #ifdef HAVE_STDINT_H
| # include <stdint.h>
| #endif
| #ifdef HAVE_UNISTD_H
| # include <unistd.h>
| #endif
| #include <libpng/png.h>
configure:9040: result: no
configure:9044: checking libpng/png.h presence
configure:9059: gcc -E  conftest.c
conftest.c:41:24: error: libpng/png.h: No such file or directory
configure:9065: $? = 1
configure: failed program was:
| /* confdefs.h.  */
| #define PACKAGE_NAME ""
| #define PACKAGE_TARNAME ""
| #define PACKAGE_VERSION ""
| #define PACKAGE_STRING ""
| #define PACKAGE_BUGREPORT ""
| #define STDC_HEADERS 1
| #define HAVE_SYS_TYPES_H 1
| #define HAVE_SYS_STAT_H 1
| #define HAVE_STDLIB_H 1
| #define HAVE_STRING_H 1
| #define HAVE_MEMORY_H 1
| #define HAVE_STRINGS_H 1
| #define HAVE_INTTYPES_H 1
| #define HAVE_STDINT_H 1
| #define HAVE_UNISTD_H 1
| #define SIZEOF_SHORT 2
| #define SIZEOF_INT 4
| #define SIZEOF_LONG 4
| #define U16 unsigned short
| #define U32 unsigned
| #define HAVE_DIRENT_H 1
| #define HAVE_SYS_SELECT_H 1
| #define HAVE_SCANDIR 1
| #define HAVE_VSNPRINTF 1
| #define HAVE_SNPRINTF 1
| #define HAVE_STRINGS_H 1
| #define HAVE_STRCASECMP 1
| #define HAVE_LOCALE_H 1
| #define HAVE_LOCALECONV 1
| #define _FILE_OFFSET_BITS 64
| #define HAVE_LONG_LONG 1
| #define HAVE_STRTOLL 1
| #define HAVE_DLSYM 1
| #define HAVE_DLFCN_H 1
| #define HAVE_ALSA_ASOUNDLIB_H 1
| #define HAVE_LIBJPEG 1
| #define HAVE_LIBZ 1
| #define HAVE_PNG_H 1
| /* end confdefs.h.  */
| #include <libpng/png.h>
configure:9079: result: no
configure:9107: checking for libpng/png.h
configure:9114: result: no
configure:9170: checking for png_get_valid in -lpng
configure:9205: gcc -o conftest    conftest.c -lpng  -lz -ldl -lm  >&5
configure:9211: $? = 0
configure:9229: result: yes
configure:9238: checking for png_set_tRNS_to_alpha in -lpng
configure:9273: gcc -o conftest    conftest.c -lpng  -lz -ldl -lm  >&5
configure:9279: $? = 0
configure:9297: result: yes
configure:9910: checking for X
configure:10080: gcc -o conftest    conftest.c -lX11 -ldl -lm  >&5
configure:10086: $? = 0
configure:10145: result: libraries , headers 
configure:10306: gcc -o conftest    conftest.c -ldl -lm   -lX11 >&5
configure:10312: $? = 0
configure:10469: checking for gethostbyname
configure:10525: gcc -o conftest    conftest.c -ldl -lm  >&5
configure:10531: $? = 0
configure:10548: result: yes
configure:10693: checking for connect
configure:10749: gcc -o conftest    conftest.c -ldl -lm  >&5
configure:10755: $? = 0
configure:10772: result: yes
configure:10844: checking for remove
configure:10900: gcc -o conftest    conftest.c -ldl -lm  >&5
configure:10906: $? = 0
configure:10923: result: yes
configure:10995: checking for shmat
configure:11051: gcc -o conftest    conftest.c -ldl -lm  >&5
configure:11057: $? = 0
configure:11074: result: yes
configure:11155: checking for IceConnectionNumber in -lICE
configure:11190: gcc -o conftest    conftest.c -lICE  -ldl -lm  >&5
configure:11196: $? = 0
configure:11214: result: yes
configure:11232: WARNING: Ignoring libraries " -lSM -lICE" requested by configure.
configure:11249: checking for library containing dlopen
configure:11290: gcc -o conftest      conftest.c -ldl -lm  -lXext -lX11  >&5
configure:11296: $? = 0
configure:11324: result: none required
configure:11342: checking GL/gl.h usability
configure:11359: gcc -c    conftest.c >&5
configure:11365: $? = 0
configure:11379: result: yes
configure:11383: checking GL/gl.h presence
configure:11398: gcc -E  conftest.c
configure:11404: $? = 0
configure:11418: result: yes
configure:11446: checking for GL/gl.h
configure:11453: result: yes
configure:11458: checking for glXMakeCurrent in -lGL
configure:11493: gcc -o conftest      conftest.c -lGL -lm -ldl -lm  -lXext -lX11  >&5
configure:11499: $? = 0
configure:11517: result: yes
configure:11595: checking for glXGetProcAddressARB in -lGL
configure:11630: gcc -o conftest      conftest.c -lGL -lm -ldl -lm  -lXext -lX11  >&5
configure:11636: $? = 0
configure:11654: result: yes
configure:11677: checking GL/glu.h usability
configure:11694: gcc -c    conftest.c >&5
configure:11700: $? = 0
configure:11714: result: yes
configure:11718: checking GL/glu.h presence
configure:11733: gcc -E  conftest.c
configure:11739: $? = 0
configure:11753: result: yes
configure:11781: checking for GL/glu.h
configure:11788: result: yes
configure:12215: checking for xprop
configure:12233: found /usr/bin/xprop
configure:12245: result: /usr/bin/xprop
configure:12253: checking for X overlay visuals
configure:12268: result: no
configure:12396: checking if GCC supports -fno-exceptions
configure:12421: gcc -c   -fno-exceptions  conftest.c >&5
configure:12427: $? = 0
configure:12433: result: yes
configure:12447: checking if GCC supports -fno-strict-aliasing
configure:12472: gcc -c   -fno-strict-aliasing  conftest.c >&5
configure:12478: $? = 0
configure:12484: result: yes
configure:12855: creating ./config.status

## ---------------------- ##
## Running config.status. ##
## ---------------------- ##

This file was extended by config.status, which was
generated by GNU Autoconf 2.61.  Invocation command line was

  CONFIG_FILES    = 
  CONFIG_HEADERS  = 
  CONFIG_LINKS    = 
  CONFIG_COMMANDS = 
  $ ./config.status 

on metacog

config.status:670: creating makeinclude
config.status:670: creating fltk.list
config.status:670: creating fltk-config
config.status:670: creating fltk.spec
config.status:670: creating FL/Makefile
config.status:670: creating config.h
config.status:919: config.h is unchanged

## ---------------- ##
## Cache variables. ##
## ---------------- ##

ac_cv_c_bigendian=no
ac_cv_c_compiler_gnu=yes
ac_cv_c_long_long=yes
ac_cv_cxx_bool=yes
ac_cv_cxx_compiler_gnu=yes
ac_cv_cxx_scandir_posix=no
ac_cv_env_CCC_set=
ac_cv_env_CCC_value=
ac_cv_env_CC_set=
ac_cv_env_CC_value=
ac_cv_env_CFLAGS_set=
ac_cv_env_CFLAGS_value=
ac_cv_env_CPPFLAGS_set=
ac_cv_env_CPPFLAGS_value=
ac_cv_env_CPP_set=
ac_cv_env_CPP_value=
ac_cv_env_CXXFLAGS_set=
ac_cv_env_CXXFLAGS_value=
ac_cv_env_CXX_set=
ac_cv_env_CXX_value=
ac_cv_env_LDFLAGS_set=
ac_cv_env_LDFLAGS_value=
ac_cv_env_LIBS_set=
ac_cv_env_LIBS_value=
ac_cv_env_XMKMF_set=
ac_cv_env_XMKMF_value=
ac_cv_env_build_alias_set=
ac_cv_env_build_alias_value=
ac_cv_env_host_alias_set=
ac_cv_env_host_alias_value=
ac_cv_env_target_alias_set=
ac_cv_env_target_alias_value=
ac_cv_func_connect=yes
ac_cv_func_gethostbyname=yes
ac_cv_func_localeconv=yes
ac_cv_func_remove=yes
ac_cv_func_scandir=yes
ac_cv_func_shmat=yes
ac_cv_func_snprintf=yes
ac_cv_func_strcasecmp=yes
ac_cv_func_strlcat=no
ac_cv_func_strlcpy=no
ac_cv_func_strtoll=yes
ac_cv_func_vsnprintf=yes
ac_cv_have_overlay=no
ac_cv_have_x='have_x=yes	ac_x_includes='\'''\''	ac_x_libraries='\'''\'''
ac_cv_header_GL_gl_h=yes
ac_cv_header_GL_glu_h=yes
ac_cv_header_alsa_asoundlib_h=yes
ac_cv_header_dirent_dirent_h=yes
ac_cv_header_dlfcn_h=yes
ac_cv_header_inttypes_h=yes
ac_cv_header_jpeglib_h=yes
ac_cv_header_libpng_png_h=no
ac_cv_header_locale_h=yes
ac_cv_header_memory_h=yes
ac_cv_header_png_h=yes
ac_cv_header_stdc=yes
ac_cv_header_stdint_h=yes
ac_cv_header_stdlib_h=yes
ac_cv_header_string_h=yes
ac_cv_header_strings_h=yes
ac_cv_header_sys_select_h=yes
ac_cv_header_sys_stat_h=yes
ac_cv_header_sys_stdtypes_h=no
ac_cv_header_sys_types_h=yes
ac_cv_header_unistd_h=yes
ac_cv_header_zlib_h=yes
ac_cv_lib_GL_glXGetProcAddressARB=yes
ac_cv_lib_GL_glXMakeCurrent=yes
ac_cv_lib_ICE_IceConnectionNumber=yes
ac_cv_lib_jpeg_jpeg_CreateCompress=yes
ac_cv_lib_png_png_get_valid=yes
ac_cv_lib_png_png_read_info=yes
ac_cv_lib_png_png_set_tRNS_to_alpha=yes
ac_cv_lib_z_gzgets=yes
ac_cv_objext=o
ac_cv_path_AR=/usr/bin/ar
ac_cv_path_EGREP='/bin/grep -E'
ac_cv_path_GREP=/bin/grep
ac_cv_path_NROFF=/usr/bin/nroff
ac_cv_path_XPROP=/usr/bin/xprop
ac_cv_path_install='/usr/bin/install -c'
ac_cv_prog_CPP='gcc -E'
ac_cv_prog_ac_ct_CC=gcc
ac_cv_prog_ac_ct_CXX=g++
ac_cv_prog_ac_ct_RANLIB=ranlib
ac_cv_prog_cc_c89=
ac_cv_prog_cc_g=yes
ac_cv_prog_cxx_g=yes
ac_cv_search_dlopen='none required'
ac_cv_search_dlsym=-ldl
ac_cv_search_opendir='none required'
ac_cv_search_pow=-lm
ac_cv_sizeof_int=4
ac_cv_sizeof_long=4
ac_cv_sizeof_short=2
ac_cv_sys_file_offset_bits=64
ac_cv_sys_largefile_CC=no
ac_cv_type_int=yes
ac_cv_type_long=yes
ac_cv_type_short=yes

## ----------------- ##
## Output variables. ##
## ----------------- ##

AR='/usr/bin/ar'
ARCHFLAGS=''
AUDIOLIBS='-lasound'
CAT1EXT='1'
CAT3EXT='3'
CAT6EXT='6'
CC='gcc'
CFLAGS=' '
CPP='gcc -E'
CPPFLAGS=''
CXX='g++'
CXXFLAGS=' '
DEFS='-DHAVE_CONFIG_H'
DSOCOMMAND='echo'
DSOFLAGS=' '
DSOLINK=''
DSONAME=''
ECHO_C=''
ECHO_N='-n'
ECHO_T=''
EGREP='/bin/grep -E'
EXEEXT=''
FLDSONAME=''
FLLIBBASENAME='libfltk_forms.a'
FLLIBNAME='../lib/libfltk_forms.a'
FLUID='fluid'
FL_API_VERSION='1.1'
FL_MAJOR_VERSION='1'
FL_MINOR_VERSION='1'
FL_PATCH_VERSION='10'
FTCONFIG=''
GLDEMOS='gldemos'
GLDSONAME=''
GLLIB='-lGLU -lGL'
GLLIBBASENAME='libfltk_gl.a'
GLLIBNAME='../lib/libfltk_gl.a'
GREP='/bin/grep'
GROFF=''
HLINKS=''
HTMLDOC=''
IMAGELIBS='-lpng -lz -ljpeg '
IMGDSONAME=''
IMGLIBBASENAME='libfltk_images.a'
IMGLIBNAME='../lib/libfltk_images.a'
INSTALL_DATA='${INSTALL} -m 644'
INSTALL_DESKTOP='install-linux'
INSTALL_PROGRAM='${INSTALL}'
INSTALL_SCRIPT='${INSTALL}'
JPEG=''
JPEGINC=''
LARGEFILE=''
LDFLAGS=' '
LIBBASENAME='libfltk.a'
LIBCOMMAND='/usr/bin/ar cr'
LIBEXT='.a'
LIBNAME='../lib/libfltk.a'
LIBOBJS=''
LIBS='-ldl -lm  -lXext -lX11 '
LINKFLTK='../lib/libfltk.a'
LINKFLTKFORMS='../lib/libfltk_forms.a'
LINKFLTKGL='../lib/libfltk_gl.a'
LINKFLTKIMG='../lib/libfltk_images.a'
LINKSHARED='../lib/libfltk_images.a ../lib/libfltk_forms.a ../lib/libfltk.a'
LTLIBOBJS=''
MAKEDEPEND='$(CXX) -M'
NROFF='/usr/bin/nroff'
OBJEXT='o'
OPTIM=' -Os -Wall -Wunused -Wno-format-y2k  -fno-exceptions -fno-strict-aliasing'
OSX_ONLY=':'
PACKAGE_BUGREPORT=''
PACKAGE_NAME=''
PACKAGE_STRING=''
PACKAGE_TARNAME=''
PACKAGE_VERSION=''
PATH_SEPARATOR=':'
PNG=''
PNGINC=''
POSTBUILD=':'
PTHREAD_FLAGS=''
RANLIB='ranlib'
SHAREDSUFFIX=''
SHELL='/bin/sh'
STATICIMAGELIBS='-lpng -lz -ljpeg '
THREADS=''
UNINSTALL_DESKTOP='uninstall-linux'
XMKMF=''
XPROP='/usr/bin/xprop'
X_CFLAGS=''
X_EXTRA_LIBS=''
X_LIBS=''
X_PRE_LIBS=' -lSM -lICE'
ZLIB=''
ZLIBINC=''
ac_ct_CC='gcc'
ac_ct_CXX='g++'
bindir='${exec_prefix}/bin'
build_alias=''
datadir='${datarootdir}'
datarootdir='${prefix}/share'
docdir='${datarootdir}/doc/${PACKAGE}'
dvidir='${docdir}'
exec_prefix='${prefix}'
host_alias=''
htmldir='${docdir}'
includedir='${prefix}/include'
infodir='${datarootdir}/info'
libdir='${exec_prefix}/lib'
libexecdir='${exec_prefix}/libexec'
localedir='${datarootdir}/locale'
localstatedir='${prefix}/var'
mandir='${datarootdir}/man'
oldincludedir='/usr/include'
pdfdir='${docdir}'
prefix='/fs/erewhon/group/systems/utils'
program_transform_name='s,x,x,'
psdir='${docdir}'
sbindir='${exec_prefix}/sbin'
sharedstatedir='${prefix}/com'
sysconfdir='${prefix}/etc'
target_alias=''

## ----------- ##
## confdefs.h. ##
## ----------- ##

#define PACKAGE_NAME ""
#define PACKAGE_TARNAME ""
#define PACKAGE_VERSION ""
#define PACKAGE_STRING ""
#define PACKAGE_BUGREPORT ""
#define STDC_HEADERS 1
#define HAVE_SYS_TYPES_H 1
#define HAVE_SYS_STAT_H 1
#define HAVE_STDLIB_H 1
#define HAVE_STRING_H 1
#define HAVE_MEMORY_H 1
#define HAVE_STRINGS_H 1
#define HAVE_INTTYPES_H 1
#define HAVE_STDINT_H 1
#define HAVE_UNISTD_H 1
#define SIZEOF_SHORT 2
#define SIZEOF_INT 4
#define SIZEOF_LONG 4
#define U16 unsigned short
#define U32 unsigned
#define HAVE_DIRENT_H 1
#define HAVE_SYS_SELECT_H 1
#define HAVE_SCANDIR 1
#define HAVE_VSNPRINTF 1
#define HAVE_SNPRINTF 1
#define HAVE_STRINGS_H 1
#define HAVE_STRCASECMP 1
#define HAVE_LOCALE_H 1
#define HAVE_LOCALECONV 1
#define _FILE_OFFSET_BITS 64
#define HAVE_LONG_LONG 1
#define HAVE_STRTOLL 1
#define HAVE_DLSYM 1
#define HAVE_DLFCN_H 1
#define HAVE_ALSA_ASOUNDLIB_H 1
#define HAVE_LIBJPEG 1
#define HAVE_LIBZ 1
#define HAVE_PNG_H 1
#define HAVE_LIBPNG 1
#define HAVE_PNG_GET_VALID 1
#define HAVE_PNG_SET_TRNS_TO_ALPHA 1
#define HAVE_GL 1
#define HAVE_GLXGETPROCADDRESSARB 1
#define HAVE_GL_GLU_H 1
#define FLTK_DOCDIR "/fs/erewhon/group/systems/utils/share/doc/fltk"
#define FLTK_DATADIR "/fs/erewhon/group/systems/utils/share/fltk"

configure: exit 0
