2000.12.21 12:40 B C:\prodigy\working\system\analogy\.sparc-allegro-5.0.1\access-case.fasl <-- cheops /usr/local/users/mcox/prodigy/working/system/analogy/.sparc-allegro-5.0.1 access-case.fasl
2000.12.21 12:40 B C:\prodigy\working\system\analogy\.sparc-allegro-5.0.1\binding-ctrl-rules.fasl <-- cheops /usr/local/users/mcox/prodigy/working/system/analogy/.sparc-allegro-5.0.1 binding-ctrl-rules.fasl
2000.12.21 12:40 B C:\prodigy\working\system\analogy\.sparc-allegro-5.0.1\case-structures.fasl <-- cheops /usr/local/users/mcox/prodigy/working/system/analogy/.sparc-allegro-5.0.1 case-structures.fasl
2000.12.21 12:40 B C:\prodigy\working\system\analogy\.sparc-allegro-5.0.1\footprint.fasl <-- cheops /usr/local/users/mcox/prodigy/working/system/analogy/.sparc-allegro-5.0.1 footprint.fasl
2000.12.21 12:40 B C:\prodigy\working\system\analogy\.sparc-allegro-5.0.1\interrupt-replay.fasl <-- cheops /usr/local/users/mcox/prodigy/working/system/analogy/.sparc-allegro-5.0.1 interrupt-replay.fasl
2000.12.21 12:40 B C:\prodigy\working\system\analogy\.sparc-allegro-5.0.1\load-case-headers.fasl <-- cheops /usr/local/users/mcox/prodigy/working/system/analogy/.sparc-allegro-5.0.1 load-case-headers.fasl
2000.12.21 12:40 B C:\prodigy\working\system\analogy\.sparc-allegro-5.0.1\load-cases-tcl.fasl <-- cheops /usr/local/users/mcox/prodigy/working/system/analogy/.sparc-allegro-5.0.1 load-cases-tcl.fasl
2000.12.21 12:40 B C:\prodigy\working\system\analogy\.sparc-allegro-5.0.1\load-cases.fasl <-- cheops /usr/local/users/mcox/prodigy/working/system/analogy/.sparc-allegro-5.0.1 load-cases.fasl
2000.12.21 12:40 B C:\prodigy\working\system\analogy\.sparc-allegro-5.0.1\loadtrace.fasl <-- cheops /usr/local/users/mcox/prodigy/working/system/analogy/.sparc-allegro-5.0.1 loadtrace.fasl
2000.12.21 12:40 B C:\prodigy\working\system\analogy\.sparc-allegro-5.0.1\manual-retrieval.fasl <-- cheops /usr/local/users/mcox/prodigy/working/system/analogy/.sparc-allegro-5.0.1 manual-retrieval.fasl
2000.12.21 12:40 B C:\prodigy\working\system\analogy\.sparc-allegro-5.0.1\my-comforts.fasl <-- cheops /usr/local/users/mcox/prodigy/working/system/analogy/.sparc-allegro-5.0.1 my-comforts.fasl
2000.12.21 12:40 B C:\prodigy\working\system\analogy\.sparc-allegro-5.0.1\newest-replay.fasl <-- cheops /usr/local/users/mcox/prodigy/working/system/analogy/.sparc-allegro-5.0.1 newest-replay.fasl
2000.12.21 12:40 B C:\prodigy\working\system\analogy\.sparc-allegro-5.0.1\operator-inf-rule.fasl <-- cheops /usr/local/users/mcox/prodigy/working/system/analogy/.sparc-allegro-5.0.1 operator-inf-rule.fasl
2000.12.21 12:41 B C:\prodigy\working\system\analogy\.sparc-allegro-5.0.1\preconds.fasl <-- cheops /usr/local/users/mcox/prodigy/working/system/analogy/.sparc-allegro-5.0.1 preconds.fasl
2000.12.21 12:41 B C:\prodigy\working\system\analogy\.sparc-allegro-5.0.1\print-current-search-path.fasl <-- cheops /usr/local/users/mcox/prodigy/working/system/analogy/.sparc-allegro-5.0.1 print-current-search-path.fasl
2000.12.21 12:41 B C:\prodigy\working\system\analogy\.sparc-allegro-5.0.1\print-rules.fasl <-- cheops /usr/local/users/mcox/prodigy/working/system/analogy/.sparc-allegro-5.0.1 print-rules.fasl
2000.12.21 12:41 B C:\prodigy\working\system\analogy\.sparc-allegro-5.0.1\retrieve-test.fasl <-- cheops /usr/local/users/mcox/prodigy/working/system/analogy/.sparc-allegro-5.0.1 retrieve-test.fasl
2000.12.21 12:41 B C:\prodigy\working\system\analogy\.sparc-allegro-5.0.1\save-case.fasl <-- cheops /usr/local/users/mcox/prodigy/working/system/analogy/.sparc-allegro-5.0.1 save-case.fasl
2000.12.21 12:41 B C:\prodigy\working\system\analogy\.sparc-allegro-5.0.1\store.fasl <-- cheops /usr/local/users/mcox/prodigy/working/system/analogy/.sparc-allegro-5.0.1 store.fasl
2000.12.21 12:41 B C:\prodigy\working\system\analogy\.sparc-allegro-5.0.1\x-analogy-support.fasl <-- cheops /usr/local/users/mcox/prodigy/working/system/analogy/.sparc-allegro-5.0.1 x-analogy-support.fasl
2000.12.21 12:41 B C:\prodigy\working\system\analogy\.sparc-allegro-5.0.1\x-merge-eval.fasl <-- cheops /usr/local/users/mcox/prodigy/working/system/analogy/.sparc-allegro-5.0.1 x-merge-eval.fasl
2000.12.21 12:41 B C:\prodigy\working\system\analogy\.sparc-allegro-5.0.1\x-replay.fasl <-- cheops /usr/local/users/mcox/prodigy/working/system/analogy/.sparc-allegro-5.0.1 x-replay.fasl
2000.12.21 12:41 B C:\prodigy\working\system\analogy\.sparc-allegro-5.0.1\x-retrieval.fasl <-- cheops /usr/local/users/mcox/prodigy/working/system/analogy/.sparc-allegro-5.0.1 x-retrieval.fasl
2000.12.21 12:41 B C:\prodigy\working\system\analogy\.sparc-allegro-5.0.1\x-step.fasl <-- cheops /usr/local/users/mcox/prodigy/working/system/analogy/.sparc-allegro-5.0.1 x-step.fasl
