This file contains any messages produced by compilers while
running configure, to aid debugging if configure makes a mistake.

It was created by Mesa configure 7.10.0, which was
generated by GNU Autoconf 2.65.  Invocation command line was

  $ ./configure --prefix=/fs/erewhon/group/systems/utils

## --------- ##
## Platform. ##
## --------- ##

hostname = erewhon
uname -m = x86_64
uname -r = 2.6.18-194.17.1.el5
uname -s = Linux
uname -v = #1 SMP Mon Sep 20 07:12:06 EDT 2010

/usr/bin/uname -p = unknown
/bin/uname -X     = unknown

/bin/arch              = x86_64
/usr/bin/arch -k       = unknown
/usr/convex/getsysinfo = unknown
/usr/bin/hostinfo      = unknown
/bin/machine           = unknown
/usr/bin/oslevel       = unknown
/bin/universe          = unknown

PATH: /fs/erewhon/group/systems/utils/include
PATH: /fs/erewhon/group/systems/utils/bin
PATH: /fs/erewhon/group/systems/utils/lib
PATH: /usr/lib64/qt-3.3/bin
PATH: /usr/local/bin
PATH: /usr/local/stowed/bin
PATH: /usr/bin
PATH: /bin
PATH: /usr/X11R6/bin
PATH: /opt/SUNWut/bin
PATH: /usr/kerberos/bin
PATH: /usr/X11R6/bin
PATH: /bin
PATH: /usr/bin
PATH: /usr/local/bin
PATH: /usr/X11R6/bin
PATH: /usr/local/quintus3.2/bin3.2/sun4-5
PATH: .
PATH: /fs/other/darsana/bin/x86_64
PATH: /fs/erewhon/group/systems/utils/lib/pkgconfig


## ----------- ##
## Core tests. ##
## ----------- ##

configure:2545: checking build system type
configure:2559: result: x86_64-unknown-linux-gnu
configure:2579: checking host system type
configure:2592: result: x86_64-unknown-linux-gnu
configure:2668: checking for gcc
configure:2684: found /usr/bin/gcc
configure:2695: result: gcc
configure:2924: checking for C compiler version
configure:2933: gcc --version >&5
gcc (GCC) 4.1.2 20080704 (Red Hat 4.1.2-50)
Copyright (C) 2006 Free Software Foundation, Inc.
This is free software; see the source for copying conditions.  There is NO
warranty; not even for MERCHANTABILITY or FITNESS FOR A PARTICULAR PURPOSE.

configure:2944: $? = 0
configure:2933: gcc -v >&5
Using built-in specs.
Target: x86_64-redhat-linux
Configured with: ../configure --prefix=/usr --mandir=/usr/share/man --infodir=/usr/share/info --enable-shared --enable-threads=posix --enable-checking=release --with-system-zlib --enable-__cxa_atexit --disable-libunwind-exceptions --enable-libgcj-multifile --enable-languages=c,c++,objc,obj-c++,java,fortran,ada --enable-java-awt=gtk --disable-dssi --disable-plugin --with-java-home=/usr/lib/jvm/java-1.4.2-gcj-1.4.2.0/jre --with-cpu=generic --host=x86_64-redhat-linux
Thread model: posix
gcc version 4.1.2 20080704 (Red Hat 4.1.2-50)
configure:2944: $? = 0
configure:2933: gcc -V >&5
gcc: '-V' option must have argument
configure:2944: $? = 1
configure:2933: gcc -qversion >&5
gcc: unrecognized option '-qversion'
gcc: no input files
configure:2944: $? = 1
configure:2964: checking whether the C compiler works
configure:2986: gcc    conftest.c  >&5
configure:2990: $? = 0
configure:3039: result: yes
configure:3042: checking for C compiler default output file name
configure:3044: result: a.out
configure:3050: checking for suffix of executables
configure:3057: gcc -o conftest    conftest.c  >&5
configure:3061: $? = 0
configure:3083: result: 
configure:3105: checking whether we are cross compiling
configure:3113: gcc -o conftest    conftest.c  >&5
configure:3117: $? = 0
configure:3124: ./conftest
configure:3128: $? = 0
configure:3143: result: no
configure:3148: checking for suffix of object files
configure:3170: gcc -c   conftest.c >&5
configure:3174: $? = 0
configure:3195: result: o
configure:3199: checking whether we are using the GNU C compiler
configure:3218: gcc -c   conftest.c >&5
configure:3218: $? = 0
configure:3227: result: yes
configure:3236: checking whether gcc accepts -g
configure:3256: gcc -c -g  conftest.c >&5
configure:3256: $? = 0
configure:3297: result: yes
configure:3314: checking for gcc option to accept ISO C89
configure:3378: gcc  -c -g -O2  conftest.c >&5
configure:3378: $? = 0
configure:3391: result: none needed
configure:3416: checking how to run the C preprocessor
configure:3447: gcc -E  conftest.c
configure:3447: $? = 0
configure:3461: gcc -E  conftest.c
conftest.c:9:28: error: ac_nonexistent.h: No such file or directory
configure:3461: $? = 1
configure: failed program was:
| /* confdefs.h */
| #define PACKAGE_NAME "Mesa"
| #define PACKAGE_TARNAME "mesa"
| #define PACKAGE_VERSION "7.10.0"
| #define PACKAGE_STRING "Mesa 7.10.0"
| #define PACKAGE_BUGREPORT "https://bugs.freedesktop.org/enter_bug.cgi?product=Mesa"
| #define PACKAGE_URL ""
| /* end confdefs.h.  */
| #include <ac_nonexistent.h>
configure:3486: result: gcc -E
configure:3506: gcc -E  conftest.c
configure:3506: $? = 0
configure:3520: gcc -E  conftest.c
conftest.c:9:28: error: ac_nonexistent.h: No such file or directory
configure:3520: $? = 1
configure: failed program was:
| /* confdefs.h */
| #define PACKAGE_NAME "Mesa"
| #define PACKAGE_TARNAME "mesa"
| #define PACKAGE_VERSION "7.10.0"
| #define PACKAGE_STRING "Mesa 7.10.0"
| #define PACKAGE_BUGREPORT "https://bugs.freedesktop.org/enter_bug.cgi?product=Mesa"
| #define PACKAGE_URL ""
| /* end confdefs.h.  */
| #include <ac_nonexistent.h>
configure:3596: checking for gcc
configure:3623: result: gcc
configure:3852: checking for C compiler version
configure:3861: gcc --version >&5
gcc (GCC) 4.1.2 20080704 (Red Hat 4.1.2-50)
Copyright (C) 2006 Free Software Foundation, Inc.
This is free software; see the source for copying conditions.  There is NO
warranty; not even for MERCHANTABILITY or FITNESS FOR A PARTICULAR PURPOSE.

configure:3872: $? = 0
configure:3861: gcc -v >&5
Using built-in specs.
Target: x86_64-redhat-linux
Configured with: ../configure --prefix=/usr --mandir=/usr/share/man --infodir=/usr/share/info --enable-shared --enable-threads=posix --enable-checking=release --with-system-zlib --enable-__cxa_atexit --disable-libunwind-exceptions --enable-libgcj-multifile --enable-languages=c,c++,objc,obj-c++,java,fortran,ada --enable-java-awt=gtk --disable-dssi --disable-plugin --with-java-home=/usr/lib/jvm/java-1.4.2-gcj-1.4.2.0/jre --with-cpu=generic --host=x86_64-redhat-linux
Thread model: posix
gcc version 4.1.2 20080704 (Red Hat 4.1.2-50)
configure:3872: $? = 0
configure:3861: gcc -V >&5
gcc: '-V' option must have argument
configure:3872: $? = 1
configure:3861: gcc -qversion >&5
gcc: unrecognized option '-qversion'
gcc: no input files
configure:3872: $? = 1
configure:3876: checking whether we are using the GNU C compiler
configure:3904: result: yes
configure:3913: checking whether gcc accepts -g
configure:3974: result: yes
configure:3991: checking for gcc option to accept ISO C89
configure:4068: result: none needed
configure:4146: checking for g++
configure:4162: found /fs/erewhon/group/systems/utils/bin/g++
configure:4173: result: g++
configure:4200: checking for C++ compiler version
configure:4209: g++ --version >&5
g++ (GCC) 4.1.2 20080704 (Red Hat 4.1.2-50)
Copyright (C) 2006 Free Software Foundation, Inc.
This is free software; see the source for copying conditions.  There is NO
warranty; not even for MERCHANTABILITY or FITNESS FOR A PARTICULAR PURPOSE.

configure:4220: $? = 0
configure:4209: g++ -v >&5
Using built-in specs.
Target: i386-redhat-linux
Configured with: ../configure --prefix=/usr --mandir=/usr/share/man --infodir=/usr/share/info --enable-shared --enable-threads=posix --enable-checking=release --with-system-zlib --enable-__cxa_atexit --disable-libunwind-exceptions --enable-libgcj-multifile --enable-languages=c,c++,objc,obj-c++,java,fortran,ada --enable-java-awt=gtk --disable-dssi --disable-plugin --with-java-home=/usr/lib/jvm/java-1.4.2-gcj-1.4.2.0/jre --with-cpu=generic --host=i386-redhat-linux
Thread model: posix
gcc version 4.1.2 20080704 (Red Hat 4.1.2-50)
configure:4220: $? = 0
configure:4209: g++ -V >&5
g++: '-V' option must have argument
configure:4220: $? = 1
configure:4209: g++ -qversion >&5
g++: unrecognized option '-qversion'
g++: no input files
configure:4220: $? = 1
configure:4224: checking whether we are using the GNU C++ compiler
configure:4243: g++ -c   conftest.cpp >&5
g++: error trying to exec 'cc1plus': execvp: No such file or directory
configure:4243: $? = 1
configure: failed program was:
| /* confdefs.h */
| #define PACKAGE_NAME "Mesa"
| #define PACKAGE_TARNAME "mesa"
| #define PACKAGE_VERSION "7.10.0"
| #define PACKAGE_STRING "Mesa 7.10.0"
| #define PACKAGE_BUGREPORT "https://bugs.freedesktop.org/enter_bug.cgi?product=Mesa"
| #define PACKAGE_URL ""
| /* end confdefs.h.  */
| 
| int
| main ()
| {
| #ifndef __GNUC__
|        choke me
| #endif
| 
|   ;
|   return 0;
| }
configure:4252: result: no
configure:4261: checking whether g++ accepts -g
configure:4281: g++ -c -g  conftest.cpp >&5
g++: error trying to exec 'cc1plus': execvp: No such file or directory
configure:4281: $? = 1
configure: failed program was:
| /* confdefs.h */
| #define PACKAGE_NAME "Mesa"
| #define PACKAGE_TARNAME "mesa"
| #define PACKAGE_VERSION "7.10.0"
| #define PACKAGE_STRING "Mesa 7.10.0"
| #define PACKAGE_BUGREPORT "https://bugs.freedesktop.org/enter_bug.cgi?product=Mesa"
| #define PACKAGE_URL ""
| /* end confdefs.h.  */
| 
| int
| main ()
| {
| 
|   ;
|   return 0;
| }
configure:4296: g++ -c   conftest.cpp >&5
g++: error trying to exec 'cc1plus': execvp: No such file or directory
configure:4296: $? = 1
configure: failed program was:
| /* confdefs.h */
| #define PACKAGE_NAME "Mesa"
| #define PACKAGE_TARNAME "mesa"
| #define PACKAGE_VERSION "7.10.0"
| #define PACKAGE_STRING "Mesa 7.10.0"
| #define PACKAGE_BUGREPORT "https://bugs.freedesktop.org/enter_bug.cgi?product=Mesa"
| #define PACKAGE_URL ""
| /* end confdefs.h.  */
| 
| int
| main ()
| {
| 
|   ;
|   return 0;
| }
configure:4312: g++ -c -g  conftest.cpp >&5
g++: error trying to exec 'cc1plus': execvp: No such file or directory
configure:4312: $? = 1
configure: failed program was:
| /* confdefs.h */
| #define PACKAGE_NAME "Mesa"
| #define PACKAGE_TARNAME "mesa"
| #define PACKAGE_VERSION "7.10.0"
| #define PACKAGE_STRING "Mesa 7.10.0"
| #define PACKAGE_BUGREPORT "https://bugs.freedesktop.org/enter_bug.cgi?product=Mesa"
| #define PACKAGE_URL ""
| /* end confdefs.h.  */
| 
| int
| main ()
| {
| 
|   ;
|   return 0;
| }
configure:4322: result: no
configure:4349: checking for gmake
configure:4365: found /usr/bin/gmake
configure:4376: result: gmake
configure:4391: checking for python2
configure:4407: found /usr/bin/python2
configure:4418: result: python2
configure:4431: checking for makedepend
configure:4449: found /usr/bin/makedepend
configure:4461: result: /usr/bin/makedepend
configure:4471: checking for sed
configure:4489: found /usr/local/bin/sed
configure:4501: result: /usr/local/bin/sed
configure:4528: checking for a BSD-compatible install
configure:4596: result: /usr/bin/install -c
configure:4661: checking if compiling with clang
configure:4680: gcc -c -g -O2  conftest.c >&5
conftest.c: In function 'main':
conftest.c:15: error: 'not' undeclared (first use in this function)
conftest.c:15: error: (Each undeclared identifier is reported only once
conftest.c:15: error: for each function it appears in.)
conftest.c:15: error: expected ';' before 'clang'
configure:4680: $? = 1
configure: failed program was:
| /* confdefs.h */
| #define PACKAGE_NAME "Mesa"
| #define PACKAGE_TARNAME "mesa"
| #define PACKAGE_VERSION "7.10.0"
| #define PACKAGE_STRING "Mesa 7.10.0"
| #define PACKAGE_BUGREPORT "https://bugs.freedesktop.org/enter_bug.cgi?product=Mesa"
| #define PACKAGE_URL ""
| /* end confdefs.h.  */
| 
| int
| main ()
| {
| 
| #ifndef __clang__
|        not clang
| #endif
| 
|   ;
|   return 0;
| }
configure:4687: result: no
configure:4691: checking whether gcc version is sufficient
configure:4707: result: yes
configure:4776: checking for pkg-config
configure:4794: found /usr/bin/pkg-config
configure:4806: result: /usr/bin/pkg-config
configure:4831: checking pkg-config is at least version 0.9.0
configure:4834: result: yes
configure:4877: checking whether gcc supports -fvisibility=hidden
configure:4891: gcc -o conftest -g -O2 -Wall -Wmissing-prototypes -std=c99 -ffast-math -fvisibility=hidden   conftest.c  >&5
configure:4891: $? = 0
configure:4892: result: yes
configure:5116: checking whether to enable assembly
configure:5175: result: yes, x86_64
configure:5216: checking for gcc option to produce PIC
configure:5302: result: -fPIC
configure:5308: checking for dlopen
configure:5308: gcc -o conftest -g -O2 -Wall -Wmissing-prototypes -std=c99 -ffast-math -fvisibility=hidden -fno-strict-aliasing   conftest.c  >&5
/tmp/cc8cSx69.o: In function `main':
/fs/erewhon/group/systems/utils/Mesa-7.10/conftest.c:43: undefined reference to `dlopen'
collect2: ld returned 1 exit status
configure:5308: $? = 1
configure: failed program was:
| /* confdefs.h */
| #define PACKAGE_NAME "Mesa"
| #define PACKAGE_TARNAME "mesa"
| #define PACKAGE_VERSION "7.10.0"
| #define PACKAGE_STRING "Mesa 7.10.0"
| #define PACKAGE_BUGREPORT "https://bugs.freedesktop.org/enter_bug.cgi?product=Mesa"
| #define PACKAGE_URL ""
| /* end confdefs.h.  */
| /* Define dlopen to an innocuous variant, in case <limits.h> declares dlopen.
|    For example, HP-UX 11i <limits.h> declares gettimeofday.  */
| #define dlopen innocuous_dlopen
| 
| /* System header to define __stub macros and hopefully few prototypes,
|     which can conflict with char dlopen (); below.
|     Prefer <limits.h> to <assert.h> if __STDC__ is defined, since
|     <limits.h> exists even on freestanding compilers.  */
| 
| #ifdef __STDC__
| # include <limits.h>
| #else
| # include <assert.h>
| #endif
| 
| #undef dlopen
| 
| /* Override any GCC internal prototype to avoid an error.
|    Use char because int might match the return type of a GCC
|    builtin and then its argument prototype would still apply.  */
| #ifdef __cplusplus
| extern "C"
| #endif
| char dlopen ();
| /* The GNU C library defines this for functions which it implements
|     to always fail with ENOSYS.  Some functions are actually named
|     something starting with __ and the normal name is an alias.  */
| #if defined __stub_dlopen || defined __stub___dlopen
| choke me
| #endif
| 
| int
| main ()
| {
| return dlopen ();
|   ;
|   return 0;
| }
configure:5308: result: no
configure:5312: checking for dlopen in -ldl
configure:5337: gcc -o conftest -g -O2 -Wall -Wmissing-prototypes -std=c99 -ffast-math -fvisibility=hidden -fno-strict-aliasing   conftest.c -ldl   >&5
configure:5337: $? = 0
configure:5346: result: yes
configure:5356: checking for posix_memalign
configure:5356: gcc -o conftest -g -O2 -Wall -Wmissing-prototypes -std=c99 -ffast-math -fvisibility=hidden -fno-strict-aliasing   conftest.c  >&5
configure:5356: $? = 0
configure:5356: result: yes
configure:5806: checking for TALLOC
configure:5814: $PKG_CONFIG --exists --print-errors "talloc"
Package talloc was not found in the pkg-config search path.
Perhaps you should add the directory containing `talloc.pc'
to the PKG_CONFIG_PATH environment variable
No package 'talloc' found
configure:5817: $? = 1
configure:5832: $PKG_CONFIG --exists --print-errors "talloc"
Package talloc was not found in the pkg-config search path.
Perhaps you should add the directory containing `talloc.pc'
to the PKG_CONFIG_PATH environment variable
No package 'talloc' found
configure:5835: $? = 1
No package 'talloc' found
configure:5873: error: Package requirements (talloc) were not met:

No package 'talloc' found

Consider adjusting the PKG_CONFIG_PATH environment variable if you
installed software in a non-standard prefix.

Alternatively, you may set the environment variables TALLOC_CFLAGS
and TALLOC_LIBS to avoid the need to call pkg-config.
See the pkg-config man page for more details.


## ---------------- ##
## Cache variables. ##
## ---------------- ##

ac_cv_build=x86_64-unknown-linux-gnu
ac_cv_c_compiler_gnu=yes
ac_cv_cxx_compiler_gnu=no
ac_cv_env_ARCH_FLAGS_set=
ac_cv_env_ARCH_FLAGS_value=
ac_cv_env_CCC_set=
ac_cv_env_CCC_value=
ac_cv_env_CC_set=
ac_cv_env_CC_value=
ac_cv_env_CFLAGS_set=
ac_cv_env_CFLAGS_value=
ac_cv_env_CPPFLAGS_set=
ac_cv_env_CPPFLAGS_value=
ac_cv_env_CPP_set=
ac_cv_env_CPP_value=
ac_cv_env_CXXFLAGS_set=
ac_cv_env_CXXFLAGS_value=
ac_cv_env_CXX_set=
ac_cv_env_CXX_value=
ac_cv_env_DRI2PROTO_CFLAGS_set=
ac_cv_env_DRI2PROTO_CFLAGS_value=
ac_cv_env_DRI2PROTO_LIBS_set=
ac_cv_env_DRI2PROTO_LIBS_value=
ac_cv_env_DRIGL_CFLAGS_set=
ac_cv_env_DRIGL_CFLAGS_value=
ac_cv_env_DRIGL_LIBS_set=
ac_cv_env_DRIGL_LIBS_value=
ac_cv_env_EXTRA_LIB_PATH_set=
ac_cv_env_EXTRA_LIB_PATH_value=
ac_cv_env_GLPROTO_CFLAGS_set=
ac_cv_env_GLPROTO_CFLAGS_value=
ac_cv_env_GLPROTO_LIBS_set=
ac_cv_env_GLPROTO_LIBS_value=
ac_cv_env_GLUT_CFLAGS_set=
ac_cv_env_GLUT_CFLAGS_value=
ac_cv_env_GLUT_LIBS_set=
ac_cv_env_GLUT_LIBS_value=
ac_cv_env_GLW_CFLAGS_set=
ac_cv_env_GLW_CFLAGS_value=
ac_cv_env_GLW_LIBS_set=
ac_cv_env_GLW_LIBS_value=
ac_cv_env_INTEL_CFLAGS_set=
ac_cv_env_INTEL_CFLAGS_value=
ac_cv_env_INTEL_LIBS_set=
ac_cv_env_INTEL_LIBS_value=
ac_cv_env_LDFLAGS_set=
ac_cv_env_LDFLAGS_value=
ac_cv_env_LIBDRM_CFLAGS_set=
ac_cv_env_LIBDRM_CFLAGS_value=
ac_cv_env_LIBDRM_LIBS_set=
ac_cv_env_LIBDRM_LIBS_value=
ac_cv_env_LIBDRM_RADEON_CFLAGS_set=
ac_cv_env_LIBDRM_RADEON_CFLAGS_value=
ac_cv_env_LIBDRM_RADEON_LIBS_set=
ac_cv_env_LIBDRM_RADEON_LIBS_value=
ac_cv_env_LIBDRM_XORG_CFLAGS_set=
ac_cv_env_LIBDRM_XORG_CFLAGS_value=
ac_cv_env_LIBDRM_XORG_LIBS_set=
ac_cv_env_LIBDRM_XORG_LIBS_value=
ac_cv_env_LIBKMS_XORG_CFLAGS_set=
ac_cv_env_LIBKMS_XORG_CFLAGS_value=
ac_cv_env_LIBKMS_XORG_LIBS_set=
ac_cv_env_LIBKMS_XORG_LIBS_value=
ac_cv_env_LIBS_set=
ac_cv_env_LIBS_value=
ac_cv_env_LIBUDEV_CFLAGS_set=
ac_cv_env_LIBUDEV_CFLAGS_value=
ac_cv_env_LIBUDEV_LIBS_set=
ac_cv_env_LIBUDEV_LIBS_value=
ac_cv_env_MKLIB_OPTIONS_set=
ac_cv_env_MKLIB_OPTIONS_value=
ac_cv_env_OPT_FLAGS_set=
ac_cv_env_OPT_FLAGS_value=
ac_cv_env_PIC_FLAGS_set=
ac_cv_env_PIC_FLAGS_value=
ac_cv_env_PKG_CONFIG_set=
ac_cv_env_PKG_CONFIG_value=
ac_cv_env_TALLOC_CFLAGS_set=
ac_cv_env_TALLOC_CFLAGS_value=
ac_cv_env_TALLOC_LIBS_set=
ac_cv_env_TALLOC_LIBS_value=
ac_cv_env_X11_CFLAGS_set=
ac_cv_env_X11_CFLAGS_value=
ac_cv_env_X11_INCLUDES_set=
ac_cv_env_X11_INCLUDES_value=
ac_cv_env_X11_LIBS_set=
ac_cv_env_X11_LIBS_value=
ac_cv_env_XCB_CFLAGS_set=
ac_cv_env_XCB_CFLAGS_value=
ac_cv_env_XCB_DRI2_CFLAGS_set=
ac_cv_env_XCB_DRI2_CFLAGS_value=
ac_cv_env_XCB_DRI2_LIBS_set=
ac_cv_env_XCB_DRI2_LIBS_value=
ac_cv_env_XCB_LIBS_set=
ac_cv_env_XCB_LIBS_value=
ac_cv_env_XEXT_CFLAGS_set=
ac_cv_env_XEXT_CFLAGS_value=
ac_cv_env_XEXT_LIBS_set=
ac_cv_env_XEXT_LIBS_value=
ac_cv_env_XF86VIDMODE_CFLAGS_set=
ac_cv_env_XF86VIDMODE_CFLAGS_value=
ac_cv_env_XF86VIDMODE_LIBS_set=
ac_cv_env_XF86VIDMODE_LIBS_value=
ac_cv_env_XLIBGL_CFLAGS_set=
ac_cv_env_XLIBGL_CFLAGS_value=
ac_cv_env_XLIBGL_LIBS_set=
ac_cv_env_XLIBGL_LIBS_value=
ac_cv_env_XMKMF_set=
ac_cv_env_XMKMF_value=
ac_cv_env_XORG_CFLAGS_set=
ac_cv_env_XORG_CFLAGS_value=
ac_cv_env_XORG_LIBS_set=
ac_cv_env_XORG_LIBS_value=
ac_cv_env_build_alias_set=
ac_cv_env_build_alias_value=
ac_cv_env_host_alias_set=
ac_cv_env_host_alias_value=
ac_cv_env_target_alias_set=
ac_cv_env_target_alias_value=
ac_cv_func_dlopen=no
ac_cv_func_posix_memalign=yes
ac_cv_host=x86_64-unknown-linux-gnu
ac_cv_lib_dl_dlopen=yes
ac_cv_objext=o
ac_cv_path_MKDEP=/usr/bin/makedepend
ac_cv_path_SED=/usr/local/bin/sed
ac_cv_path_ac_pt_PKG_CONFIG=/usr/bin/pkg-config
ac_cv_path_install='/usr/bin/install -c'
ac_cv_prog_CPP='gcc -E'
ac_cv_prog_MAKE=gmake
ac_cv_prog_PYTHON2=python2
ac_cv_prog_ac_ct_CC=gcc
ac_cv_prog_ac_ct_CXX=g++
ac_cv_prog_cc_c89=
ac_cv_prog_cc_g=yes
ac_cv_prog_cxx_g=no

## ----------------- ##
## Output variables. ##
## ----------------- ##

API_DEFINES=' -DFEATURE_GL=1'
APP_LIB_DEPS=''
ARCH_FLAGS=''
ASM_FLAGS='-DUSE_X86_64_ASM'
CC='gcc'
CFLAGS='-g -O2 -Wall -Wmissing-prototypes -std=c99 -ffast-math -fvisibility=hidden -fno-strict-aliasing'
CPP='gcc -E'
CPPFLAGS=''
CXX='g++'
CXXFLAGS=''
DEFINES=' -D_GNU_SOURCE -DPTHREADS -DHAVE_POSIX_MEMALIGN'
DEFS=''
DLOPEN_LIBS='-ldl'
DRI2PROTO_CFLAGS=''
DRI2PROTO_LIBS=''
DRIGL_CFLAGS=''
DRIGL_LIBS=''
DRIVER_DIRS=''
DRI_DIRS=''
DRI_DRIVER_INSTALL_DIR=''
DRI_DRIVER_SEARCH_DIR=''
DRI_LIB_DEPS=''
DRI_PC_REQ_PRIV=''
ECHO_C=''
ECHO_N='-n'
ECHO_T=''
EGL_CLIENT_APIS=''
EGL_DRIVERS_DIRS=''
EGL_DRIVER_INSTALL_DIR=''
EGL_LIB_DEPS=''
EGL_LIB_GLOB='lib$(EGL_LIB).*so*'
EGL_LIB_NAME='lib$(EGL_LIB).so'
EGL_PLATFORMS=''
EGREP=''
EXEEXT=''
EXPAT_INCLUDES=''
EXTRA_LIB_PATH=''
GALLIUM_DIRS=''
GALLIUM_DRIVERS_DIRS=''
GALLIUM_STATE_TRACKERS_DIRS=''
GALLIUM_TARGET_DIRS=''
GALLIUM_WINSYS_DIRS=''
GLAPI_ASM_SOURCES='$(X86-64_API)'
GLES_OVERLAY='0'
GLESv1_CM_LIB_DEPS=''
GLESv1_CM_LIB_GLOB='lib$(GLESv1_CM_LIB).*so*'
GLESv1_CM_LIB_NAME='lib$(GLESv1_CM_LIB).so'
GLESv1_CM_PC_LIB_PRIV=''
GLESv2_LIB_DEPS=''
GLESv2_LIB_GLOB='lib$(GLESv2_LIB).*so*'
GLESv2_LIB_NAME='lib$(GLESv2_LIB).so'
GLESv2_PC_LIB_PRIV=''
GLPROTO_CFLAGS=''
GLPROTO_LIBS=''
GLUT_CFLAGS=''
GLUT_LIBS=''
GLUT_LIB_DEPS=''
GLUT_LIB_GLOB='lib$(GLUT_LIB).*so*'
GLUT_LIB_NAME='lib$(GLUT_LIB).so'
GLUT_MESA_DEPS=''
GLUT_PC_CFLAGS=''
GLUT_PC_LIB_PRIV=''
GLUT_PC_REQ_PRIV=''
GLU_DIRS=''
GLU_LIB_DEPS=''
GLU_LIB_GLOB='lib$(GLU_LIB).*so*'
GLU_LIB_NAME='lib$(GLU_LIB).so'
GLU_MESA_DEPS=''
GLU_PC_CFLAGS=''
GLU_PC_LIB_PRIV=''
GLU_PC_REQ=''
GLU_PC_REQ_PRIV=''
GLW_CFLAGS=''
GLW_LIBS=''
GLW_LIB_DEPS=''
GLW_LIB_GLOB='lib$(GLW_LIB).*so*'
GLW_LIB_NAME='lib$(GLW_LIB).so'
GLW_MESA_DEPS=''
GLW_PC_CFLAGS=''
GLW_PC_LIB_PRIV=''
GLW_PC_REQ_PRIV=''
GLW_SOURCES=''
GL_LIB_DEPS=''
GL_LIB_GLOB='lib$(GL_LIB).*so*'
GL_LIB_NAME='lib$(GL_LIB).so'
GL_PC_CFLAGS=''
GL_PC_LIB_PRIV=''
GL_PC_REQ_PRIV=''
GREP=''
HAVE_XF86VIDMODE=''
INSTALL_DATA='${INSTALL} -m 644'
INSTALL_PROGRAM='${INSTALL}'
INSTALL_SCRIPT='${INSTALL}'
INTEL_CFLAGS=''
INTEL_LIBS=''
LDFLAGS=''
LIBDRM_CFLAGS=''
LIBDRM_LIBS=''
LIBDRM_RADEON_CFLAGS=''
LIBDRM_RADEON_LIBS=''
LIBDRM_XORG_CFLAGS=''
LIBDRM_XORG_LIBS=''
LIBKMS_XORG_CFLAGS=''
LIBKMS_XORG_LIBS=''
LIBOBJS=''
LIBS=''
LIBUDEV_CFLAGS=''
LIBUDEV_LIBS=''
LIB_DIR='lib'
LLVM_CFLAGS=''
LLVM_CONFIG=''
LLVM_LDFLAGS=''
LLVM_LIBS=''
LLVM_VERSION=''
LTLIBOBJS=''
MAKE='gmake'
MESA_ASM_SOURCES='$(X86-64_SOURCES)'
MESA_LLVM=''
MKDEP='/usr/bin/makedepend'
MKDEP_OPTIONS='-fdepend -I/usr/lib/gcc/x86_64-redhat-linux/4.1.2/include'
MKLIB_OPTIONS=''
MOTIF_CFLAGS=''
MOTIF_CONFIG=''
OBJEXT='o'
OPT_FLAGS=''
OSMESA_LIB=''
OSMESA_LIB_DEPS=''
OSMESA_LIB_GLOB='lib$(OSMESA_LIB).*so*'
OSMESA_LIB_NAME='lib$(OSMESA_LIB).so'
OSMESA_MESA_DEPS=''
OSMESA_PC_LIB_PRIV=''
OSMESA_PC_REQ=''
PACKAGE_BUGREPORT='https://bugs.freedesktop.org/enter_bug.cgi?product=Mesa'
PACKAGE_NAME='Mesa'
PACKAGE_STRING='Mesa 7.10.0'
PACKAGE_TARNAME='mesa'
PACKAGE_URL=''
PACKAGE_VERSION='7.10.0'
PATH_SEPARATOR=':'
PIC_FLAGS='-fPIC'
PKG_CONFIG='/usr/bin/pkg-config'
POSIX_SHELL=''
PROGRAM_DIRS=''
PYTHON2='python2'
RADEON_CFLAGS=''
RADEON_LDFLAGS=''
SED='/usr/local/bin/sed'
SHELL='/bin/sh'
SRC_DIRS=''
TALLOC_CFLAGS=''
TALLOC_LIBS=''
VG_LIB_DEPS=''
VG_LIB_GLOB='lib$(VG_LIB).*so*'
VG_LIB_NAME='lib$(VG_LIB).so'
X11_CFLAGS=''
X11_INCLUDES=''
X11_LIBS=''
XCB_CFLAGS=''
XCB_DRI2_CFLAGS=''
XCB_DRI2_LIBS=''
XCB_LIBS=''
XEXT_CFLAGS=''
XEXT_LIBS=''
XF86VIDMODE_CFLAGS=''
XF86VIDMODE_LIBS=''
XLIBGL_CFLAGS=''
XLIBGL_LIBS=''
XMKMF=''
XORG_CFLAGS=''
XORG_DRIVER_INSTALL_DIR=''
XORG_LIBS=''
X_CFLAGS=''
X_EXTRA_LIBS=''
X_LIBS=''
X_PRE_LIBS=''
ac_ct_CC='gcc'
ac_ct_CXX='g++'
bindir='${exec_prefix}/bin'
build='x86_64-unknown-linux-gnu'
build_alias=''
build_cpu='x86_64'
build_os='linux-gnu'
build_vendor='unknown'
datadir='${datarootdir}'
datarootdir='${prefix}/share'
docdir='${datarootdir}/doc/${PACKAGE_TARNAME}'
dvidir='${docdir}'
exec_prefix='NONE'
host='x86_64-unknown-linux-gnu'
host_alias=''
host_cpu='x86_64'
host_os='linux-gnu'
host_vendor='unknown'
htmldir='${docdir}'
includedir='${prefix}/include'
infodir='${datarootdir}/info'
libdir='${exec_prefix}/lib'
libexecdir='${exec_prefix}/libexec'
localedir='${datarootdir}/locale'
localstatedir='${prefix}/var'
mandir='${datarootdir}/man'
oldincludedir='/usr/include'
pdfdir='${docdir}'
prefix='/fs/erewhon/group/systems/utils'
program_transform_name='s,x,x,'
psdir='${docdir}'
sbindir='${exec_prefix}/sbin'
sharedstatedir='${prefix}/com'
sysconfdir='${prefix}/etc'
target_alias=''

## ----------- ##
## confdefs.h. ##
## ----------- ##

/* confdefs.h */
#define PACKAGE_NAME "Mesa"
#define PACKAGE_TARNAME "mesa"
#define PACKAGE_VERSION "7.10.0"
#define PACKAGE_STRING "Mesa 7.10.0"
#define PACKAGE_BUGREPORT "https://bugs.freedesktop.org/enter_bug.cgi?product=Mesa"
#define PACKAGE_URL ""

configure: exit 1
