(TELL :CONTENT (WORD "send" :INDEX 1) :SENDER KEYBOARD :RECEIVER PARSER)
(TELL :CONTENT (WORD "the" :INDEX 2) :SENDER KEYBOARD :RECEIVER PARSER)
(TELL :CONTENT (WORD "charlotte" :INDEX 3) :SENDER KEYBOARD :RECEIVER
 PARSER)
(TELL :CONTENT (WORD "train" :INDEX 4) :SENDER KEYBOARD :RECEIVER
 PARSER)
(TELL :CONTENT (WORD "to" :INDEX 5) :SENDER KEYBOARD :RECEIVER PARSER)
(TELL :CONTENT (WORD "richmond" :INDEX 6) :SENDER KEYBOARD :RECEIVER
 PARSER)
(TELL :CONTENT (END) :SENDER KEYBOARD :RECEIVER PARSER)
(TELL :CONTENT
 (SA-REQUEST :FOCUS :V11621 :OBJECTS
  ((:DESCRIPTION (:STATUS :NAME) (:VAR :V11573) (:CLASS :CITY)
    (:LEX :CHARLOTTE) (:SORT :INDIVIDUAL))
   (:DESCRIPTION (:STATUS :DEFINITE) (:VAR :V11584) (:CLASS :TRAIN)
    (:SORT :INDIVIDUAL) (:CONSTRAINT (:ASSOC-WITH :V11584 :V11573)))
   (:DESCRIPTION (:STATUS :NAME) (:VAR :V11621) (:CLASS :CITY)
    (:LEX :RICHMOND) (:SORT :INDIVIDUAL)))
  :PATHS ((:PATH (:VAR :V11613) (:CONSTRAINT (:TO :V11613 :V11621))))
  :DEFS NIL :SEMANTICS
  (:PROP (:VAR :V11560) (:CLASS :MOVE)
   (:CONSTRAINT
    (:AND (:LSUBJ :V11560 :*YOU*) (:LOBJ :V11560 :V11584)
     (:LCOMP :V11560 :V11613))))
  :NOISE NIL :SOCIAL-CONTEXT NIL :RELIABILITY 100 :MODE KEYBOARD
  :SYNTAX ((:SUBJECT . :*YOU*) (:OBJECT . :V11584)) :SETTING NIL :INPUT
  (SEND THE CHARLOTTE TRAIN TO RICHMOND))
 :RE 1)
(TELL :CONTENT (WORD "send" :INDEX 1) :SENDER KEYBOARD :RECEIVER PARSER)
(TELL :CONTENT (WORD "the" :INDEX 2) :SENDER KEYBOARD :RECEIVER PARSER)
(TELL :CONTENT (WORD "philadelphia" :INDEX 3) :SENDER KEYBOARD
 :RECEIVER PARSER)
(TELL :CONTENT (WORD "train" :INDEX 4) :SENDER KEYBOARD :RECEIVER
 PARSER)
(TELL :CONTENT (WORD "to" :INDEX 5) :SENDER KEYBOARD :RECEIVER PARSER)
(TELL :CONTENT (WORD "richmond" :INDEX 6) :SENDER KEYBOARD :RECEIVER
 PARSER)
(TELL :CONTENT (END) :SENDER KEYBOARD :RECEIVER PARSER)
(TELL :CONTENT
 (SA-REQUEST :FOCUS :V11715 :OBJECTS
  ((:DESCRIPTION (:STATUS :NAME) (:VAR :V11667) (:CLASS :CITY)
    (:LEX :PHILADELPHIA) (:SORT :INDIVIDUAL))
   (:DESCRIPTION (:STATUS :DEFINITE) (:VAR :V11678) (:CLASS :TRAIN)
    (:SORT :INDIVIDUAL) (:CONSTRAINT (:ASSOC-WITH :V11678 :V11667)))
   (:DESCRIPTION (:STATUS :NAME) (:VAR :V11715) (:CLASS :CITY)
    (:LEX :RICHMOND) (:SORT :INDIVIDUAL)))
  :PATHS ((:PATH (:VAR :V11707) (:CONSTRAINT (:TO :V11707 :V11715))))
  :DEFS NIL :SEMANTICS
  (:PROP (:VAR :V11654) (:CLASS :MOVE)
   (:CONSTRAINT
    (:AND (:LSUBJ :V11654 :*YOU*) (:LOBJ :V11654 :V11678)
     (:LCOMP :V11654 :V11707))))
  :NOISE NIL :SOCIAL-CONTEXT NIL :RELIABILITY 100 :MODE KEYBOARD
  :SYNTAX ((:SUBJECT . :*YOU*) (:OBJECT . :V11678)) :SETTING NIL :INPUT
  (SEND THE PHILADELPHIA TRAIN TO RICHMOND))
 :RE 2)
(TELL :CONTENT (WORD "send" :INDEX 1) :SENDER KEYBOARD :RECEIVER PARSER)
(TELL :CONTENT (WORD "the" :INDEX 2) :SENDER KEYBOARD :RECEIVER PARSER)
(TELL :CONTENT (WORD "richmond" :INDEX 3) :SENDER KEYBOARD :RECEIVER
 PARSER)
(TELL :CONTENT (WORD "train" :INDEX 4) :SENDER KEYBOARD :RECEIVER
 PARSER)
(TELL :CONTENT (WORD "to" :INDEX 5) :SENDER KEYBOARD :RECEIVER PARSER)
(TELL :CONTENT (WORD "charleston" :INDEX 6) :SENDER KEYBOARD :RECEIVER
 PARSER)
(TELL :CONTENT (END) :SENDER KEYBOARD :RECEIVER PARSER)
(TELL :CONTENT
 (SA-REQUEST :FOCUS :V11809 :OBJECTS
  ((:DESCRIPTION (:STATUS :NAME) (:VAR :V11761) (:CLASS :CITY)
    (:LEX :RICHMOND) (:SORT :INDIVIDUAL))
   (:DESCRIPTION (:STATUS :DEFINITE) (:VAR :V11772) (:CLASS :TRAIN)
    (:SORT :INDIVIDUAL) (:CONSTRAINT (:ASSOC-WITH :V11772 :V11761)))
   (:DESCRIPTION (:STATUS :NAME) (:VAR :V11809) (:CLASS :CITY)
    (:LEX :CHARLESTON) (:SORT :INDIVIDUAL)))
  :PATHS ((:PATH (:VAR :V11801) (:CONSTRAINT (:TO :V11801 :V11809))))
  :DEFS NIL :SEMANTICS
  (:PROP (:VAR :V11748) (:CLASS :MOVE)
   (:CONSTRAINT
    (:AND (:LSUBJ :V11748 :*YOU*) (:LOBJ :V11748 :V11772)
     (:LCOMP :V11748 :V11801))))
  :NOISE NIL :SOCIAL-CONTEXT NIL :RELIABILITY 100 :MODE KEYBOARD
  :SYNTAX ((:SUBJECT . :*YOU*) (:OBJECT . :V11772)) :SETTING NIL :INPUT
  (SEND THE RICHMOND TRAIN TO CHARLESTON))
 :RE 3)
(TELL :CONTENT (WORD "no" :INDEX 1) :SENDER KEYBOARD :RECEIVER PARSER)
(TELL :CONTENT (END) :SENDER KEYBOARD :RECEIVER PARSER)
(TELL :CONTENT
 (SA-REJECT :FOCUS NIL :OBJECTS NIL :PATHS NIL :DEFS NIL :SEMANTICS :NO
  :NOISE NIL :SOCIAL-CONTEXT NIL :RELIABILITY 100 :MODE KEYBOARD
  :SYNTAX ((:SUBJECT) (:OBJECT)) :SETTING NIL :INPUT (NO))
 :RE 4)
(TELL :CONTENT (WORD "send" :INDEX 1) :SENDER KEYBOARD :RECEIVER PARSER)
(TELL :CONTENT (WORD "the" :INDEX 2) :SENDER KEYBOARD :RECEIVER PARSER)
(TELL :CONTENT (WORD "richmond" :INDEX 3) :SENDER KEYBOARD :RECEIVER
 PARSER)
(TELL :CONTENT (WORD "train" :INDEX 4) :SENDER KEYBOARD :RECEIVER
 PARSER)
(TELL :CONTENT (WORD "to" :INDEX 5) :SENDER KEYBOARD :RECEIVER PARSER)
(TELL :CONTENT (WORD "charleston" :INDEX 6) :SENDER KEYBOARD :RECEIVER
 PARSER)
(TELL :CONTENT (END) :SENDER KEYBOARD :RECEIVER PARSER)
(TELL :CONTENT
 (SA-REQUEST :FOCUS :V11922 :OBJECTS
  ((:DESCRIPTION (:STATUS :NAME) (:VAR :V11874) (:CLASS :CITY)
    (:LEX :RICHMOND) (:SORT :INDIVIDUAL))
   (:DESCRIPTION (:STATUS :DEFINITE) (:VAR :V11885) (:CLASS :TRAIN)
    (:SORT :INDIVIDUAL) (:CONSTRAINT (:ASSOC-WITH :V11885 :V11874)))
   (:DESCRIPTION (:STATUS :NAME) (:VAR :V11922) (:CLASS :CITY)
    (:LEX :CHARLESTON) (:SORT :INDIVIDUAL)))
  :PATHS ((:PATH (:VAR :V11914) (:CONSTRAINT (:TO :V11914 :V11922))))
  :DEFS NIL :SEMANTICS
  (:PROP (:VAR :V11861) (:CLASS :MOVE)
   (:CONSTRAINT
    (:AND (:LSUBJ :V11861 :*YOU*) (:LOBJ :V11861 :V11885)
     (:LCOMP :V11861 :V11914))))
  :NOISE NIL :SOCIAL-CONTEXT NIL :RELIABILITY 100 :MODE KEYBOARD
  :SYNTAX ((:SUBJECT . :*YOU*) (:OBJECT . :V11885)) :SETTING NIL :INPUT
  (SEND THE RICHMOND TRAIN TO CHARLESTON))
 :RE 5)
(TELL :CONTENT (WORD "no" :INDEX 1) :SENDER KEYBOARD :RECEIVER PARSER)
(TELL :CONTENT (END) :SENDER KEYBOARD :RECEIVER PARSER)
(TELL :CONTENT
 (SA-REJECT :FOCUS NIL :OBJECTS NIL :PATHS NIL :DEFS NIL :SEMANTICS :NO
  :NOISE NIL :SOCIAL-CONTEXT NIL :RELIABILITY 100 :MODE KEYBOARD
  :SYNTAX ((:SUBJECT) (:OBJECT)) :SETTING NIL :INPUT (NO))
 :RE 6)
(TELL :CONTENT (WORD "send" :INDEX 1) :SENDER KEYBOARD :RECEIVER PARSER)
(TELL :CONTENT (WORD "the" :INDEX 2) :SENDER KEYBOARD :RECEIVER PARSER)
(TELL :CONTENT (WORD "richmond" :INDEX 3) :SENDER KEYBOARD :RECEIVER
 PARSER)
(TELL :CONTENT (WORD "train" :INDEX 4) :SENDER KEYBOARD :RECEIVER
 PARSER)
(TELL :CONTENT (WORD "to" :INDEX 5) :SENDER KEYBOARD :RECEIVER PARSER)
(TELL :CONTENT (WORD "charleston" :INDEX 6) :SENDER KEYBOARD :RECEIVER
 PARSER)
(TELL :CONTENT (END) :SENDER KEYBOARD :RECEIVER PARSER)
(TELL :CONTENT
 (SA-REQUEST :FOCUS :V12036 :OBJECTS
  ((:DESCRIPTION (:STATUS :NAME) (:VAR :V11987) (:CLASS :CITY)
    (:LEX :RICHMOND) (:SORT :INDIVIDUAL))
   (:DESCRIPTION (:STATUS :DEFINITE) (:VAR :V11998) (:CLASS :TRAIN)
    (:SORT :INDIVIDUAL) (:CONSTRAINT (:ASSOC-WITH :V11998 :V11987)))
   (:DESCRIPTION (:STATUS :NAME) (:VAR :V12036) (:CLASS :CITY)
    (:LEX :CHARLESTON) (:SORT :INDIVIDUAL)))
  :PATHS ((:PATH (:VAR :V12027) (:CONSTRAINT (:TO :V12027 :V12036))))
  :DEFS NIL :SEMANTICS
  (:PROP (:VAR :V11974) (:CLASS :MOVE)
   (:CONSTRAINT
    (:AND (:LSUBJ :V11974 :*YOU*) (:LOBJ :V11974 :V11998)
     (:LCOMP :V11974 :V12027))))
  :NOISE NIL :SOCIAL-CONTEXT NIL :RELIABILITY 100 :MODE KEYBOARD
  :SYNTAX ((:SUBJECT . :*YOU*) (:OBJECT . :V11998)) :SETTING NIL :INPUT
  (SEND THE RICHMOND TRAIN TO CHARLESTON))
 :RE 7)
(TELL :CONTENT (WORD "send" :INDEX 1) :SENDER KEYBOARD :RECEIVER PARSER)
(TELL :CONTENT (WORD "bullet" :INDEX 2) :SENDER KEYBOARD :RECEIVER
 PARSER)
(TELL :CONTENT (WORD "to" :INDEX 3) :SENDER KEYBOARD :RECEIVER PARSER)
(TELL :CONTENT (WORD "charleston" :INDEX 4) :SENDER KEYBOARD :RECEIVER
 PARSER)
(TELL :CONTENT (END) :SENDER KEYBOARD :RECEIVER PARSER)
(TELL :CONTENT
 (SA-REQUEST :FOCUS :V12098 :OBJECTS
  ((:DESCRIPTION (:STATUS :NAME) (:VAR :V12077) (:CLASS :ENGINE)
    (:LEX :BULLET) (:SORT :INDIVIDUAL))
   (:DESCRIPTION (:STATUS :NAME) (:VAR :V12098) (:CLASS :CITY)
    (:LEX :CHARLESTON) (:SORT :INDIVIDUAL)))
  :PATHS ((:PATH (:VAR :V12090) (:CONSTRAINT (:TO :V12090 :V12098))))
  :DEFS NIL :SEMANTICS
  (:PROP (:VAR :V12070) (:CLASS :MOVE)
   (:CONSTRAINT
    (:AND (:LSUBJ :V12070 :*YOU*) (:LOBJ :V12070 :V12077)
     (:LCOMP :V12070 :V12090))))
  :NOISE NIL :SOCIAL-CONTEXT NIL :RELIABILITY 100 :MODE KEYBOARD
  :SYNTAX ((:SUBJECT . :*YOU*) (:OBJECT . :V12077)) :SETTING NIL :INPUT
  (SEND BULLET TO CHARLESTON))
 :RE 8)
NIL
