(TELL :CONTENT
 (START-CONVERSATION :NAME "D. Purushothaman,,,," :LANG "US English"
  :SEX "male" :INTRO NIL :GOALS :ROOTABEGA :SCORING T)
 :SENDER SPLASH :RECEIVER PS)

;; %S
(REQUEST :RE 99999 :REPLY-WITH CPS37 :RECEIVER PS :CONTENT
 (:NEW-PROBLEM :CONTENT
  (:AND (:AND (:TYPE WASHINGTON :CITY) (:DELAY :SNOW WASHINGTON 3))
   (:TYPE TORONTO :CITY)
   (:AND (:TYPE TOLEDO :CITY) (:DELAY :ZEALOTS TOLEDO 12))
   (:TYPE SYRACUSE :CITY) (:TYPE SCRANTON :CITY) (:TYPE RICHMOND :CITY)
   (:TYPE RALEIGH :CITY) (:TYPE PITTSBURGH :CITY)
   (:TYPE PHILADELPHIA :CITY) (:TYPE NEW_YORK :CITY)
   (:TYPE MONTREAL :CITY) (:TYPE MILWAUKEE :CITY)
   (:TYPE LEXINGTON :CITY) (:TYPE INDIANAPOLIS :CITY)
   (:TYPE DETROIT :CITY)
   (:AND (:TYPE COLUMBUS :CITY) (:DELAY :HEAVY-STORMS COLUMBUS 4))
   (:TYPE CLEVELAND :CITY) (:TYPE CINCINNATI :CITY)
   (:TYPE CHICAGO :CITY) (:TYPE CHARLOTTE :CITY)
   (:TYPE CHARLESTON :CITY) (:TYPE BOSTON :CITY)
   (:TYPE BURLINGTON :CITY) (:TYPE BUFFALO :CITY)
   (:TYPE BALTIMORE :CITY) (:TYPE ATLANTA :CITY) (:TYPE ALBANY :CITY)
   (:AND (:TYPE SCRANTON-SYRACUSE :TRACK)
    (:CONNECTION SCRANTON-SYRACUSE SCRANTON SYRACUSE :TRAIN 160 4.75))
   (:AND (:TYPE RICHMOND-WASHINGTON :TRACK)
    (:CONNECTION RICHMOND-WASHINGTON RICHMOND WASHINGTON :TRAIN 109 3))
   (:AND (:TYPE RALEIGH-RICHMOND :TRACK)
    (:CONNECTION RALEIGH-RICHMOND RALEIGH RICHMOND :TRAIN 196 5.56))
   (:AND (:TYPE PITTSBURGH-SCRANTON :TRACK)
    (:CONNECTION PITTSBURGH-SCRANTON PITTSBURGH SCRANTON :TRAIN 300 9))
   (:AND (:TYPE PHILADELPHIA-SCRANTON :TRACK)
    (:CONNECTION PHILADELPHIA-SCRANTON PHILADELPHIA SCRANTON :TRAIN 104
     3.56))
   (:AND (:TYPE NEW_YORK_CITY-PHILADELPHIA :TRACK)
    (:CONNECTION NEW_YORK_CITY-PHILADELPHIA NEW_YORK PHILADELPHIA
     :TRAIN 91 2.52))
   (:AND (:TYPE NEW_YORK_CITY-SCRANTON :TRACK)
    (:CONNECTION NEW_YORK_CITY-SCRANTON NEW_YORK SCRANTON :TRAIN 151
     3.75))
   (:AND (:TYPE MONTREAL-TORONTO :TRACK)
    (:CONNECTION MONTREAL-TORONTO MONTREAL TORONTO :TRAIN 323 7.28))
   (:AND (:TYPE INDIANAPOLIS-LEXINGTON :TRACK)
    (:CONNECTION INDIANAPOLIS-LEXINGTON INDIANAPOLIS LEXINGTON :TRAIN
     200 4.5))
   (:AND (:TYPE DETROIT-TORONTO :TRACK)
    (:CONNECTION DETROIT-TORONTO DETROIT TORONTO :TRAIN 240 6))
   (:AND (:TYPE DETROIT-TOLEDO :TRACK)
    (:CONNECTION DETROIT-TOLEDO DETROIT TOLEDO :TRAIN 58 2.25))
   (:AND (:TYPE CINCINNATI-COLUMBUS :TRACK)
    (:CONNECTION CINCINNATI-COLUMBUS COLUMBUS CINCINNATI :TRAIN 120 4))
   (:AND (:TYPE COLUMBUS-PITTSBURGH :TRACK)
    (:CONNECTION COLUMBUS-PITTSBURGH COLUMBUS PITTSBURGH :TRAIN 182
     6.5))
   (:AND (:TYPE COLUMBUS-INDIANAPOLIS :TRACK)
    (:CONNECTION COLUMBUS-INDIANAPOLIS COLUMBUS INDIANAPOLIS :TRAIN 171
     5.5))
   (:AND (:TYPE COLUMBUS-TOLEDO :TRACK)
    (:CONNECTION COLUMBUS-TOLEDO COLUMBUS TOLEDO :TRAIN 133 3.75))
   (:AND (:TYPE CLEVELAND-TOLEDO :TRACK)
    (:CONNECTION CLEVELAND-TOLEDO CLEVELAND TOLEDO :TRAIN 107 3.22))
   (:AND (:TYPE CINCINNATI-LEXINGTON :TRACK)
    (:CONNECTION CINCINNATI-LEXINGTON CINCINNATI LEXINGTON :TRAIN 80
     2))
   (:AND (:TYPE CINCINNATI-INDIANAPOLIS :TRACK)
    (:CONNECTION CINCINNATI-INDIANAPOLIS CINCINNATI INDIANAPOLIS :TRAIN
     132 5.25))
   (:AND (:TYPE CHICAGO-TOLEDO :TRACK)
    (:CONNECTION CHICAGO-TOLEDO CHICAGO TOLEDO :TRAIN 234 6.35))
   (:AND (:TYPE CHICAGO-INDIANAPOLIS :TRACK)
    (:CONNECTION CHICAGO-INDIANAPOLIS CHICAGO INDIANAPOLIS :TRAIN 195
     7.18))
   (:AND (:TYPE CHICAGO-MILWAUKEE :TRACK)
    (:CONNECTION CHICAGO-MILWAUKEE CHICAGO MILWAUKEE :TRAIN 90 2.3))
   (:AND (:TYPE CHARLOTTE-RALEIGH :TRACK)
    (:CONNECTION CHARLOTTE-RALEIGH CHARLOTTE RALEIGH :TRAIN 172 5.3))
   (:AND (:TYPE CHARLESTON-CHARLOTTE :TRACK)
    (:CONNECTION CHARLESTON-CHARLOTTE CHARLESTON CHARLOTTE :TRAIN 400
     12))
   (:AND (:TYPE CHARLESTON-RICHMOND :TRACK)
    (:CONNECTION CHARLESTON-RICHMOND CHARLESTON RICHMOND :TRAIN 306
     8.75))
   (:AND (:TYPE CHARLESTON-PITTSBURGH :TRACK)
    (:CONNECTION CHARLESTON-PITTSBURGH CHARLESTON PITTSBURGH :TRAIN 213
     7.1))
   (:AND (:TYPE CHARLESTON-CINCINNATI :TRACK)
    (:CONNECTION CHARLESTON-CINCINNATI CHARLESTON CINCINNATI :TRAIN 210
     7))
   (:AND (:TYPE BOSTON-NEW_YORK_CITY :TRACK)
    (:CONNECTION BOSTON-NEW_YORK_CITY BOSTON NEW_YORK :TRAIN 231 6.63))
   (:AND (:TYPE BURLINGTON-MONTREAL :TRACK)
    (:CONNECTION BURLINGTON-MONTREAL BURLINGTON MONTREAL :TRAIN 100
     3.75))
   (:AND (:TYPE BUFFALO-PITTSBURGH :TRACK)
    (:CONNECTION BUFFALO-PITTSBURGH BUFFALO PITTSBURGH :TRAIN 249
     7.28))
   (:AND (:TYPE BUFFALO-SYRACUSE :TRACK)
    (:CONNECTION BUFFALO-SYRACUSE BUFFALO SYRACUSE :TRAIN 152 3.52))
   (:AND (:TYPE BUFFALO-TORONTO :TRACK)
    (:CONNECTION BUFFALO-TORONTO BUFFALO TORONTO :TRAIN 90 6.12))
   (:AND (:TYPE BUFFALO-CLEVELAND :TRACK)
    (:CONNECTION BUFFALO-CLEVELAND BUFFALO CLEVELAND :TRAIN 187 4.47))
   (:AND (:TYPE BALTIMORE-PHILADELPHIA :TRACK)
    (:CONNECTION BALTIMORE-PHILADELPHIA BALTIMORE PHILADELPHIA :TRAIN
     94 2.2))
   (:AND (:TYPE BALTIMORE-SCRANTON :TRACK)
    (:CONNECTION BALTIMORE-SCRANTON BALTIMORE SCRANTON :TRAIN 142
     5.25))
   (:AND (:TYPE BALTIMORE-WASHINGTON :TRACK)
    (:CONNECTION BALTIMORE-WASHINGTON BALTIMORE WASHINGTON :TRAIN 41
     1.1))
   (:AND (:TYPE ATLANTA-LEXINGTON :TRACK)
    (:CONNECTION ATLANTA-LEXINGTON ATLANTA LEXINGTON :TRAIN 400 11))
   (:AND (:TYPE ATLANTA-CHARLOTTE :TRACK)
    (:CONNECTION ATLANTA-CHARLOTTE ATLANTA CHARLOTTE :TRAIN 257 6.92))
   (:AND (:TYPE ALBANY-SYRACUSE :TRACK)
    (:CONNECTION ALBANY-SYRACUSE ALBANY SYRACUSE :TRAIN 144 3.95))
   (:AND (:TYPE ALBANY-NEW_YORK_CITY :TRACK)
    (:CONNECTION ALBANY-NEW_YORK_CITY ALBANY NEW_YORK :TRAIN 141 3.62))
   (:AND (:TYPE ALBANY-BOSTON :TRACK)
    (:CONNECTION ALBANY-BOSTON ALBANY BOSTON :TRAIN 199 7.5))
   (:AND (:TYPE ALBANY-BURLINGTON :TRACK)
    (:CONNECTION ALBANY-BURLINGTON ALBANY BURLINGTON :TRAIN 140 5))
   (:AND (:TYPE NORTHSTAR :ENGINE) (:AT-LOC NORTHSTAR PHILADELPHIA))
   (:AND (:TYPE METROLINER :ENGINE) (:AT-LOC METROLINER NEW_YORK_CITY))
   (:AND (:TYPE BULLET :ENGINE) (:AT-LOC BULLET CHARLOTTE))))
 :SENDER SCORE)
(REPLY :CONTENT
 (ANSWER :RESULT (:CLEARED) :PLAN-ID R341 :PS-STATE PSS522) :RECEIVER
 SCORE :IN-REPLY-TO CPS37 :RE 99999)
(ASK-ALL :ASPECT (?V11584) :CONTENT
 (:AND (:TYPE RICHMOND :CITY) (:TYPE ?V11584 :ENGINE)
  (:AT-LOC ?V11584 CHARLOTTE) (:TYPE CHARLOTTE :CITY))
 :SENDER DM :RECEIVER PS :RE MSG12 :REPLY-WITH MSG57)
(REPLY :CONTENT (ANSWER :RESULT ((BULLET)) :VARS (?V11584)) :RECEIVER
 DM :IN-REPLY-TO MSG57 :RE MSG12)
(REQUEST :CONTENT
 (:NEW-SUBPLAN :PLAN-ID R341 :CONTENT
  (:GO GO1 (:AND (:AGENT BULLET) (:TO RICHMOND))))
 :SENDER DM :RECEIVER PS :RE MSG12 :REPLY-WITH MSG68)
(REPLY :CONTENT
 (:ANSWER :RECOGNITION-SCORE :GOOD :ANSWER-SCORE :GOOD :PS-STATE PSS549
  :RESULT
  (:NEW-SUBPLAN :OBJECTS (BULLET CHARLOTTE RICHMOND) :PLAN
   (PLAN548 :GOAL
    (:GO GO1 (:AGENT BULLET) (:TO RICHMOND) (:FROM CHARLOTTE)) :AGENT
    BULLET :ACTIONS
    ((:GO GO545 (:FROM CHARLOTTE) (:TO RALEIGH)
      (:TRACK CHARLOTTE-RALEIGH))
     (:GO GO546 (:FROM RALEIGH) (:TO RICHMOND)
      (:TRACK RALEIGH-RICHMOND)))))
  :REASON NIL)
 :RECEIVER DM :IN-REPLY-TO MSG68 :RE MSG12)
(REQUEST :CONTENT (:UPDATE-PSS :PS-STATE PSS549) :SENDER DM :RECEIVER
 PS :RE MSG12 :REPLY-WITH MSG88)
(REPLY :CONTENT
 (ANSWER :RESULT (:PSS-UPDATE :SUCCESS) :PLAN-ID PLAN548) :RECEIVER DM
 :IN-REPLY-TO MSG88 :RE MSG12)
(ASK-ALL :ASPECT (?V11678) :CONTENT
 (:AND (:TYPE RICHMOND :CITY) (:TYPE ?V11678 :ENGINE)
  (:AT-LOC ?V11678 PHILADELPHIA) (:TYPE PHILADELPHIA :CITY))
 :SENDER DM :RECEIVER PS :RE MSG102 :REPLY-WITH MSG147)
(REPLY :CONTENT (ANSWER :RESULT ((NORTHSTAR)) :VARS (?V11678))
 :RECEIVER DM :IN-REPLY-TO MSG147 :RE MSG102)
(REQUEST :CONTENT
 (:NEW-SUBPLAN :PLAN-ID R341 :CONTENT
  (:GO GO2 (:AND (:AGENT NORTHSTAR) (:TO RICHMOND))))
 :SENDER DM :RECEIVER PS :RE MSG102 :REPLY-WITH MSG158)
(REPLY :CONTENT
 (:ANSWER :RECOGNITION-SCORE :GOOD :ANSWER-SCORE :GOOD :PS-STATE PSS611
  :RESULT
  (:NEW-SUBPLAN :OBJECTS (NORTHSTAR PHILADELPHIA RICHMOND) :PLAN
   (PLAN610 :GOAL
    (:GO GO2 (:AGENT NORTHSTAR) (:TO RICHMOND) (:FROM PHILADELPHIA))
    :AGENT NORTHSTAR :ACTIONS
    ((:GO GO606 (:FROM PHILADELPHIA) (:TO BALTIMORE)
      (:TRACK BALTIMORE-PHILADELPHIA))
     (:GO GO607 (:FROM BALTIMORE) (:TO WASHINGTON)
      (:TRACK BALTIMORE-WASHINGTON))
     (:GO GO608 (:FROM WASHINGTON) (:TO RICHMOND)
      (:TRACK RICHMOND-WASHINGTON)))))
  :REASON NIL)
 :RECEIVER DM :IN-REPLY-TO MSG158 :RE MSG102)
(REQUEST :CONTENT (:UPDATE-PSS :PS-STATE PSS611) :SENDER DM :RECEIVER
 PS :RE MSG102 :REPLY-WITH MSG182)
(REPLY :CONTENT
 (ANSWER :RESULT (:PSS-UPDATE :SUCCESS) :PLAN-ID PLAN610) :RECEIVER DM
 :IN-REPLY-TO MSG182 :RE MSG102)
(ASK-ALL :ASPECT (?V11772) :CONTENT
 (:AND (:TYPE CHARLESTON :CITY) (:TYPE ?V11772 :ENGINE)
  (:AT-LOC ?V11772 RICHMOND) (:TYPE RICHMOND :CITY))
 :SENDER DM :RECEIVER PS :RE MSG196 :REPLY-WITH MSG241)
(REPLY :CONTENT (ANSWER :RESULT ((NORTHSTAR) (BULLET)) :VARS (?V11772))
 :RECEIVER DM :IN-REPLY-TO MSG241 :RE MSG196)
(REQUEST :CONTENT
 (:NEW-SUBPLAN :PLAN-ID R341 :CONTENT
  (:GO GO3 (:AND (:AGENT NORTHSTAR) (:TO CHARLESTON))))
 :SENDER DM :RECEIVER PS :RE MSG196 :REPLY-WITH MSG253)
(REPLY :CONTENT
 (:ANSWER :RECOGNITION-SCORE :IMPOSSIBLE :ANSWER-SCORE :IMPOSSIBLE
  :PS-STATE PSS612 :RESULT NIL :REASON
  (:REASON :TYPE :MULTIPLE-USE-OF-AGENT :INFO NORTHSTAR :MSG NIL))
 :RECEIVER DM :IN-REPLY-TO MSG253 :RE MSG196)
(REQUEST :CONTENT
 (:DO-WHAT-YOU-CAN :PLAN-ID R341 :CONTENT
  (:GO GO4 (:AND (:AGENT NORTHSTAR) (:TO CHARLESTON))))
 :SENDER DM :RECEIVER PS :RE MSG196 :REPLY-WITH MSG262)
(REPLY :CONTENT
 (:ANSWER :RECOGNITION-SCORE :GOOD :ANSWER-SCORE :GOOD :PS-STATE PSS693
  :RESULT
  (NEW-SUBPLAN :OBJECTS (CHARLESTON RICHMOND NORTHSTAR PHILADELPHIA)
   :PLAN
   (PLAN610 :GOAL
    (:GO GO644 (:TO CHARLESTON) (:VIA RICHMOND) (:FROM PHILADELPHIA)
     (:AGENT NORTHSTAR))
    :AGENT NORTHSTAR :ACTIONS
    ((:GO GO645 (:FROM PHILADELPHIA) (:TO BALTIMORE)
      (:TRACK BALTIMORE-PHILADELPHIA))
     (:GO GO646 (:FROM BALTIMORE) (:TO WASHINGTON)
      (:TRACK BALTIMORE-WASHINGTON))
     (:GO GO647 (:FROM WASHINGTON) (:TO RICHMOND)
      (:TRACK RICHMOND-WASHINGTON))
     (:GO GO648 (:FROM RICHMOND) (:TO CHARLESTON)
      (:TRACK CHARLESTON-RICHMOND)))))
  :REASON NIL)
 :RECEIVER DM :IN-REPLY-TO MSG262 :RE MSG196)
(REQUEST :CONTENT (:UPDATE-PSS :PS-STATE PSS693) :SENDER DM :RECEIVER
 PS :RE MSG196 :REPLY-WITH MSG291)
(REPLY :CONTENT
 (ANSWER :RESULT (:PSS-UPDATE :SUCCESS) :PLAN-ID PLAN610) :RECEIVER DM
 :IN-REPLY-TO MSG291 :RE MSG196)
(REQUEST :CONTENT (:UNDO :PS-STATE PSS611) :SENDER DM :RECEIVER PS :RE
 MSG305 :REPLY-WITH MSG312)
(REPLY :CONTENT
 (ANSWER :RESULT (:UNDONE :CHANGED-PLANS (PLAN610) :DELETED-PLANS NIL)
  :PS-STATE PSS611)
 :RECEIVER DM :IN-REPLY-TO MSG312 :RE MSG305)
(ASK-ALL :ASPECT (?V11598 ?V11562) :CONTENT
 (:AND (:AT-LOC ?V11598 ?V11562) (:TYPE ?V11598 :ENGINE)
  (:TYPE ?V11562 :CITY))
 :SENDER OUTMGR :RECEIVER PS :RE MSG229 :REPLY-WITH MSG230)
(REPLY :CONTENT
 (ANSWER :RESULT ((BULLET RICHMOND) (NORTHSTAR RICHMOND)) :VARS
  (?V11598 ?V11562))
 :RECEIVER OUTMGR :IN-REPLY-TO MSG230 :RE MSG229)
(ASK-ALL :ASPECT (?V11885) :CONTENT
 (:AND (:TYPE CHARLESTON :CITY) (:TYPE ?V11885 :ENGINE)
  (:AT-LOC ?V11885 RICHMOND) (:TYPE RICHMOND :CITY))
 :SENDER DM :RECEIVER PS :RE MSG318 :REPLY-WITH MSG363)
(REPLY :CONTENT (ANSWER :RESULT ((NORTHSTAR) (BULLET)) :VARS (?V11885))
 :RECEIVER DM :IN-REPLY-TO MSG363 :RE MSG318)
(REQUEST :CONTENT
 (:NEW-SUBPLAN :PLAN-ID R341 :CONTENT
  (:GO GO5 (:AND (:AGENT BULLET) (:TO CHARLESTON))))
 :SENDER DM :RECEIVER PS :RE MSG318 :REPLY-WITH MSG375)
(REPLY :CONTENT
 (:ANSWER :RECOGNITION-SCORE :IMPOSSIBLE :ANSWER-SCORE :IMPOSSIBLE
  :PS-STATE PSS694 :RESULT NIL :REASON
  (:REASON :TYPE :MULTIPLE-USE-OF-AGENT :INFO BULLET :MSG NIL))
 :RECEIVER DM :IN-REPLY-TO MSG375 :RE MSG318)
(REQUEST :CONTENT
 (:DO-WHAT-YOU-CAN :PLAN-ID R341 :CONTENT
  (:GO GO6 (:AND (:AGENT BULLET) (:TO CHARLESTON))))
 :SENDER DM :RECEIVER PS :RE MSG318 :REPLY-WITH MSG384)
(REPLY :CONTENT
 (:ANSWER :RECOGNITION-SCORE :GOOD :ANSWER-SCORE :GOOD :PS-STATE PSS746
  :RESULT
  (NEW-SUBPLAN :OBJECTS (CHARLESTON RICHMOND BULLET CHARLOTTE) :PLAN
   (PLAN548 :GOAL
    (:GO GO726 (:TO CHARLESTON) (:VIA RICHMOND) (:FROM CHARLOTTE)
     (:AGENT BULLET))
    :AGENT BULLET :ACTIONS
    ((:GO GO727 (:FROM CHARLOTTE) (:TO RALEIGH)
      (:TRACK CHARLOTTE-RALEIGH))
     (:GO GO728 (:FROM RALEIGH) (:TO RICHMOND)
      (:TRACK RALEIGH-RICHMOND))
     (:GO GO729 (:FROM RICHMOND) (:TO CHARLESTON)
      (:TRACK CHARLESTON-RICHMOND)))))
  :REASON NIL)
 :RECEIVER DM :IN-REPLY-TO MSG384 :RE MSG318)
(REQUEST :CONTENT (:UPDATE-PSS :PS-STATE PSS746) :SENDER DM :RECEIVER
 PS :RE MSG318 :REPLY-WITH MSG409)
(REPLY :CONTENT
 (ANSWER :RESULT (:PSS-UPDATE :SUCCESS) :PLAN-ID PLAN548) :RECEIVER DM
 :IN-REPLY-TO MSG409 :RE MSG318)
(REQUEST :CONTENT (:UNDO :PS-STATE PSS611) :SENDER DM :RECEIVER PS :RE
 MSG423 :REPLY-WITH MSG430)
(REPLY :CONTENT
 (ANSWER :RESULT (:UNDONE :CHANGED-PLANS (PLAN548) :DELETED-PLANS NIL)
  :PS-STATE PSS611)
 :RECEIVER DM :IN-REPLY-TO MSG430 :RE MSG423)
(ASK-ALL :ASPECT (?V11598 ?V11562) :CONTENT
 (:AND (:AT-LOC ?V11598 ?V11562) (:TYPE ?V11598 :ENGINE)
  (:TYPE ?V11562 :CITY))
 :SENDER OUTMGR :RECEIVER PS :RE MSG242 :REPLY-WITH MSG243)
(REPLY :CONTENT
 (ANSWER :RESULT ((BULLET RICHMOND) (NORTHSTAR RICHMOND)) :VARS
  (?V11598 ?V11562))
 :RECEIVER OUTMGR :IN-REPLY-TO MSG243 :RE MSG242)
(ASK-ALL :ASPECT (?V11998) :CONTENT
 (:AND (:TYPE CHARLESTON :CITY) (:TYPE ?V11998 :ENGINE)
  (:AT-LOC ?V11998 RICHMOND) (:TYPE RICHMOND :CITY))
 :SENDER DM :RECEIVER PS :RE MSG436 :REPLY-WITH MSG481)
(REPLY :CONTENT (ANSWER :RESULT ((NORTHSTAR) (BULLET)) :VARS (?V11998))
 :RECEIVER DM :IN-REPLY-TO MSG481 :RE MSG436)
(REQUEST :CONTENT
 (:NEW-SUBPLAN :PLAN-ID R341 :CONTENT
  (:GO GO7 (:AND (:AGENT BULLET) (:TO CHARLESTON))))
 :SENDER DM :RECEIVER PS :RE MSG489 :REPLY-WITH MSG526)
(REPLY :CONTENT
 (:ANSWER :RECOGNITION-SCORE :IMPOSSIBLE :ANSWER-SCORE :IMPOSSIBLE
  :PS-STATE PSS747 :RESULT NIL :REASON
  (:REASON :TYPE :MULTIPLE-USE-OF-AGENT :INFO BULLET :MSG NIL))
 :RECEIVER DM :IN-REPLY-TO MSG526 :RE MSG489)
(REQUEST :CONTENT
 (:DO-WHAT-YOU-CAN :PLAN-ID R341 :CONTENT
  (:GO GO8 (:AND (:AGENT BULLET) (:TO CHARLESTON))))
 :SENDER DM :RECEIVER PS :RE MSG489 :REPLY-WITH MSG535)
(REPLY :CONTENT
 (:ANSWER :RECOGNITION-SCORE :GOOD :ANSWER-SCORE :GOOD :PS-STATE PSS799
  :RESULT
  (NEW-SUBPLAN :OBJECTS (CHARLESTON RICHMOND BULLET CHARLOTTE) :PLAN
   (PLAN548 :GOAL
    (:GO GO779 (:TO CHARLESTON) (:VIA RICHMOND) (:FROM CHARLOTTE)
     (:AGENT BULLET))
    :AGENT BULLET :ACTIONS
    ((:GO GO780 (:FROM CHARLOTTE) (:TO RALEIGH)
      (:TRACK CHARLOTTE-RALEIGH))
     (:GO GO781 (:FROM RALEIGH) (:TO RICHMOND)
      (:TRACK RALEIGH-RICHMOND))
     (:GO GO782 (:FROM RICHMOND) (:TO CHARLESTON)
      (:TRACK CHARLESTON-RICHMOND)))))
  :REASON NIL)
 :RECEIVER DM :IN-REPLY-TO MSG535 :RE MSG489)
(REQUEST :CONTENT (:UPDATE-PSS :PS-STATE PSS799) :SENDER DM :RECEIVER
 PS :RE MSG489 :REPLY-WITH MSG560)
(REPLY :CONTENT
 (ANSWER :RESULT (:PSS-UPDATE :SUCCESS) :PLAN-ID PLAN548) :RECEIVER DM
 :IN-REPLY-TO MSG560 :RE MSG489)
NIL
