(EXPRESS :SPEECH-ACT INFORM :CONTENT (AT-LOC NORTHSTAR PHILADELPHIA)
 :FOCUS (NORTHSTAR) :MEDIA DISPLAY :CONSTRAINTS
 (AND (TYPE NORTHSTAR ENGINE) (TYPE PHILADELPHIA CITY)
      (AT-LOC NORTHSTAR PHILADELPHIA))
 :RECEIVER OUTMGR)
(EXPRESS :SPEECH-ACT INFORM :CONTENT (AT-LOC METROLINER NEW_YORK_CITY)
 :FOCUS (METROLINER) :MEDIA DISPLAY :CONSTRAINTS
 (AND (TYPE METROLINER ENGINE) (TYPE NEW_YORK_CITY CITY)
      (AT-LOC METROLINER NEW_YORK_CITY))
 :RECEIVER OUTMGR)
(EXPRESS :SPEECH-ACT INFORM :CONTENT (AT-LOC BULLET CHARLOTTE) :FOCUS
 (BULLET) :MEDIA DISPLAY :CONSTRAINTS
 (AND (TYPE BULLET ENGINE) (TYPE CHARLOTTE CITY)
      (AT-LOC BULLET CHARLOTTE))
 :RECEIVER OUTMGR)
(REQUEST :RE 99999 :REPLY-WITH CPS37 :RECEIVER PS :CONTENT
 (:NEW-PROBLEM :CONTENT
  (:AND (:AND (:TYPE WASHINGTON :CITY) (:DELAY :SNOW WASHINGTON 3))
   (:TYPE TORONTO :CITY)
   (:AND (:TYPE TOLEDO :CITY) (:DELAY :ZEALOTS TOLEDO 12))
   (:TYPE SYRACUSE :CITY) (:TYPE SCRANTON :CITY) (:TYPE RICHMOND :CITY)
   (:TYPE RALEIGH :CITY) (:TYPE PITTSBURGH :CITY)
   (:TYPE PHILADELPHIA :CITY) (:TYPE NEW_YORK :CITY)
   (:TYPE MONTREAL :CITY) (:TYPE MILWAUKEE :CITY)
   (:TYPE LEXINGTON :CITY) (:TYPE INDIANAPOLIS :CITY)
   (:TYPE DETROIT :CITY)
   (:AND (:TYPE COLUMBUS :CITY) (:DELAY :HEAVY-STORMS COLUMBUS 4))
   (:TYPE CLEVELAND :CITY) (:TYPE CINCINNATI :CITY)
   (:TYPE CHICAGO :CITY) (:TYPE CHARLOTTE :CITY)
   (:TYPE CHARLESTON :CITY) (:TYPE BOSTON :CITY)
   (:TYPE BURLINGTON :CITY) (:TYPE BUFFALO :CITY)
   (:TYPE BALTIMORE :CITY) (:TYPE ATLANTA :CITY) (:TYPE ALBANY :CITY)
   (:AND (:TYPE SCRANTON-SYRACUSE :TRACK)
    (:CONNECTION SCRANTON-SYRACUSE SCRANTON SYRACUSE :TRAIN 160 4.75))
   (:AND (:TYPE RICHMOND-WASHINGTON :TRACK)
    (:CONNECTION RICHMOND-WASHINGTON RICHMOND WASHINGTON :TRAIN 109 3))
   (:AND (:TYPE RALEIGH-RICHMOND :TRACK)
    (:CONNECTION RALEIGH-RICHMOND RALEIGH RICHMOND :TRAIN 196 5.56))
   (:AND (:TYPE PITTSBURGH-SCRANTON :TRACK)
    (:CONNECTION PITTSBURGH-SCRANTON PITTSBURGH SCRANTON :TRAIN 300 9))
   (:AND (:TYPE PHILADELPHIA-SCRANTON :TRACK)
    (:CONNECTION PHILADELPHIA-SCRANTON PHILADELPHIA SCRANTON :TRAIN 104
     3.56))
   (:AND (:TYPE NEW_YORK_CITY-PHILADELPHIA :TRACK)
    (:CONNECTION NEW_YORK_CITY-PHILADELPHIA NEW_YORK PHILADELPHIA
     :TRAIN 91 2.52))
   (:AND (:TYPE NEW_YORK_CITY-SCRANTON :TRACK)
    (:CONNECTION NEW_YORK_CITY-SCRANTON NEW_YORK SCRANTON :TRAIN 151
     3.75))
   (:AND (:TYPE MONTREAL-TORONTO :TRACK)
    (:CONNECTION MONTREAL-TORONTO MONTREAL TORONTO :TRAIN 323 7.28))
   (:AND (:TYPE INDIANAPOLIS-LEXINGTON :TRACK)
    (:CONNECTION INDIANAPOLIS-LEXINGTON INDIANAPOLIS LEXINGTON :TRAIN
     200 4.5))
   (:AND (:TYPE DETROIT-TORONTO :TRACK)
    (:CONNECTION DETROIT-TORONTO DETROIT TORONTO :TRAIN 240 6))
   (:AND (:TYPE DETROIT-TOLEDO :TRACK)
    (:CONNECTION DETROIT-TOLEDO DETROIT TOLEDO :TRAIN 58 2.25))
   (:AND (:TYPE CINCINNATI-COLUMBUS :TRACK)
    (:CONNECTION CINCINNATI-COLUMBUS COLUMBUS CINCINNATI :TRAIN 120 4))
   (:AND (:TYPE COLUMBUS-PITTSBURGH :TRACK)
    (:CONNECTION COLUMBUS-PITTSBURGH COLUMBUS PITTSBURGH :TRAIN 182
     6.5))
   (:AND (:TYPE COLUMBUS-INDIANAPOLIS :TRACK)
    (:CONNECTION COLUMBUS-INDIANAPOLIS COLUMBUS INDIANAPOLIS :TRAIN 171
     5.5))
   (:AND (:TYPE COLUMBUS-TOLEDO :TRACK)
    (:CONNECTION COLUMBUS-TOLEDO COLUMBUS TOLEDO :TRAIN 133 3.75))
   (:AND (:TYPE CLEVELAND-TOLEDO :TRACK)
    (:CONNECTION CLEVELAND-TOLEDO CLEVELAND TOLEDO :TRAIN 107 3.22))
   (:AND (:TYPE CINCINNATI-LEXINGTON :TRACK)
    (:CONNECTION CINCINNATI-LEXINGTON CINCINNATI LEXINGTON :TRAIN 80
     2))
   (:AND (:TYPE CINCINNATI-INDIANAPOLIS :TRACK)
    (:CONNECTION CINCINNATI-INDIANAPOLIS CINCINNATI INDIANAPOLIS :TRAIN
     132 5.25))
   (:AND (:TYPE CHICAGO-TOLEDO :TRACK)
    (:CONNECTION CHICAGO-TOLEDO CHICAGO TOLEDO :TRAIN 234 6.35))
   (:AND (:TYPE CHICAGO-INDIANAPOLIS :TRACK)
    (:CONNECTION CHICAGO-INDIANAPOLIS CHICAGO INDIANAPOLIS :TRAIN 195
     7.18))
   (:AND (:TYPE CHICAGO-MILWAUKEE :TRACK)
    (:CONNECTION CHICAGO-MILWAUKEE CHICAGO MILWAUKEE :TRAIN 90 2.3))
   (:AND (:TYPE CHARLOTTE-RALEIGH :TRACK)
    (:CONNECTION CHARLOTTE-RALEIGH CHARLOTTE RALEIGH :TRAIN 172 5.3))
   (:AND (:TYPE CHARLESTON-CHARLOTTE :TRACK)
    (:CONNECTION CHARLESTON-CHARLOTTE CHARLESTON CHARLOTTE :TRAIN 400
     12))
   (:AND (:TYPE CHARLESTON-RICHMOND :TRACK)
    (:CONNECTION CHARLESTON-RICHMOND CHARLESTON RICHMOND :TRAIN 306
     8.75))
   (:AND (:TYPE CHARLESTON-PITTSBURGH :TRACK)
    (:CONNECTION CHARLESTON-PITTSBURGH CHARLESTON PITTSBURGH :TRAIN 213
     7.1))
   (:AND (:TYPE CHARLESTON-CINCINNATI :TRACK)
    (:CONNECTION CHARLESTON-CINCINNATI CHARLESTON CINCINNATI :TRAIN 210
     7))
   (:AND (:TYPE BOSTON-NEW_YORK_CITY :TRACK)
    (:CONNECTION BOSTON-NEW_YORK_CITY BOSTON NEW_YORK :TRAIN 231 6.63))
   (:AND (:TYPE BURLINGTON-MONTREAL :TRACK)
    (:CONNECTION BURLINGTON-MONTREAL BURLINGTON MONTREAL :TRAIN 100
     3.75))
   (:AND (:TYPE BUFFALO-PITTSBURGH :TRACK)
    (:CONNECTION BUFFALO-PITTSBURGH BUFFALO PITTSBURGH :TRAIN 249
     7.28))
   (:AND (:TYPE BUFFALO-SYRACUSE :TRACK)
    (:CONNECTION BUFFALO-SYRACUSE BUFFALO SYRACUSE :TRAIN 152 3.52))
   (:AND (:TYPE BUFFALO-TORONTO :TRACK)
    (:CONNECTION BUFFALO-TORONTO BUFFALO TORONTO :TRAIN 90 6.12))
   (:AND (:TYPE BUFFALO-CLEVELAND :TRACK)
    (:CONNECTION BUFFALO-CLEVELAND BUFFALO CLEVELAND :TRAIN 187 4.47))
   (:AND (:TYPE BALTIMORE-PHILADELPHIA :TRACK)
    (:CONNECTION BALTIMORE-PHILADELPHIA BALTIMORE PHILADELPHIA :TRAIN
     94 2.2))
   (:AND (:TYPE BALTIMORE-SCRANTON :TRACK)
    (:CONNECTION BALTIMORE-SCRANTON BALTIMORE SCRANTON :TRAIN 142
     5.25))
   (:AND (:TYPE BALTIMORE-WASHINGTON :TRACK)
    (:CONNECTION BALTIMORE-WASHINGTON BALTIMORE WASHINGTON :TRAIN 41
     1.1))
   (:AND (:TYPE ATLANTA-LEXINGTON :TRACK)
    (:CONNECTION ATLANTA-LEXINGTON ATLANTA LEXINGTON :TRAIN 400 11))
   (:AND (:TYPE ATLANTA-CHARLOTTE :TRACK)
    (:CONNECTION ATLANTA-CHARLOTTE ATLANTA CHARLOTTE :TRAIN 257 6.92))
   (:AND (:TYPE ALBANY-SYRACUSE :TRACK)
    (:CONNECTION ALBANY-SYRACUSE ALBANY SYRACUSE :TRAIN 144 3.95))
   (:AND (:TYPE ALBANY-NEW_YORK_CITY :TRACK)
    (:CONNECTION ALBANY-NEW_YORK_CITY ALBANY NEW_YORK :TRAIN 141 3.62))
   (:AND (:TYPE ALBANY-BOSTON :TRACK)
    (:CONNECTION ALBANY-BOSTON ALBANY BOSTON :TRAIN 199 7.5))
   (:AND (:TYPE ALBANY-BURLINGTON :TRACK)
    (:CONNECTION ALBANY-BURLINGTON ALBANY BURLINGTON :TRAIN 140 5))
   (:AND (:TYPE NORTHSTAR :ENGINE) (:AT-LOC NORTHSTAR PHILADELPHIA))
   (:AND (:TYPE METROLINER :ENGINE) (:AT-LOC METROLINER NEW_YORK_CITY))
   (:AND (:TYPE BULLET :ENGINE) (:AT-LOC BULLET CHARLOTTE)))))
(TELL :RECEIVER DM :CONTENT (PLAN-STATE :PLAN-ID R341 :PS-STATE PSS522))
