(REQUEST :RECEIVER TRANSCRIPT :CONTENT
 (LOG "SYS dsp highlight mentioned objs"))
(REQUEST :RECEIVER DISPLAY :CONTENT
 (CREATE :TYPE ENGINE :NAME NORTHSTAR :COLOR YELLOW :FILLCOLOR WHITE
  :FILL 100 :AT BURLINGTON :ORIENTATION EAST))
(REQUEST :RECEIVER DISPLAY :CONTENT
 (HIGHLIGHT NORTHSTAR :COLOR WHITE :TYPE OBJECT :FLASH 10))
(REQUEST :RECEIVER TRANSCRIPT :CONTENT
 (LOG "SYS say SAY   NORTHSTAR is at BURLINGTON."))
(REQUEST :RECEIVER TRANSCRIPT :CONTENT
 (LOG "SYS dsp highlight mentioned objs"))
(REQUEST :RECEIVER DISPLAY :CONTENT
 (CREATE :TYPE ENGINE :NAME METROLINER :COLOR YELLOW :FILLCOLOR GREEN
  :FILL 100 :AT BALTIMORE :ORIENTATION EAST))
(REQUEST :RECEIVER DISPLAY :CONTENT
 (HIGHLIGHT METROLINER :COLOR GREEN :TYPE OBJECT :FLASH 10))
(REQUEST :RECEIVER TRANSCRIPT :CONTENT
 (LOG "SYS say SAY   METROLINER is at BALTIMORE."))
(REQUEST :RECEIVER TRANSCRIPT :CONTENT
 (LOG "SYS dsp highlight mentioned objs"))
(REQUEST :RECEIVER DISPLAY :CONTENT
 (CREATE :TYPE ENGINE :NAME BULLET :COLOR LIGHTBLUE :FILLCOLOR RED
  :FILL 100 :AT CHICAGO :ORIENTATION EAST))
(REQUEST :RECEIVER DISPLAY :CONTENT
 (HIGHLIGHT BULLET :COLOR RED :TYPE OBJECT :FLASH 10))
(REQUEST :RECEIVER TRANSCRIPT :CONTENT
 (LOG "SYS say SAY   BULLET is at CHICAGO."))
(REQUEST :RECEIVER TRANSCRIPT :CONTENT
 (LOG "SYS dsp highlight mentioned objs"))
(REQUEST :RECEIVER DISPLAY :CONTENT
 (CREATE :TYPE ROUTE :NAME PATH1 :COLOR PINK :THICKNESS 2 :START
  CHICAGO :TRACKS (CHICAGO-TOLEDO)))
(REQUEST :RECEIVER DISPLAY :CONTENT (DESTROY BULLET))
(REQUEST :RECEIVER DISPLAY :CONTENT
 (CREATE :TYPE ENGINE :NAME BULLET :COLOR GREEN :FILLCOLOR RED :FILL
  100 :AT TOLEDO :ORIENTATION EAST))
(REQUEST :RECEIVER DISPLAY :CONTENT
 (HIGHLIGHT BULLET :COLOR RED :TYPE OBJECT :FLASH 10))
(REQUEST :RECEIVER DISPLAY :CONTENT
 (HIGHLIGHT PATH1 :COLOR RED :TYPE OBJECT :FLASH 10))
(REQUEST :RECEIVER SPEECH-AAA :CONTENT
 (SAY "BULLET will traverse CHICAGO-TOLEDO."))
(REQUEST :RECEIVER DISPLAY :CONTENT
 (SAY "BULLET will traverse CHICAGO-TOLEDO."))
(REQUEST :RECEIVER TRANSCRIPT :CONTENT
 (LOG "SYS say SAY   BULLET will traverse CHICAGO-TOLEDO."))
(REQUEST :RECEIVER TRANSCRIPT :CONTENT
 (LOG "SYS dsp highlight mentioned objs"))
(REQUEST :RECEIVER DISPLAY :CONTENT
 (CREATE :TYPE ROUTE :NAME PATH2 :COLOR YELLOW :THICKNESS 2 :START
  BALTIMORE :TRACKS
  (BALTIMORE-SCRANTON PITTSBURGH-SCRANTON COLUMBUS-PITTSBURGH
   COLUMBUS-TOLEDO)))
(REQUEST :RECEIVER DISPLAY :CONTENT (DESTROY METROLINER))
(REQUEST :RECEIVER DISPLAY :CONTENT
 (CREATE :TYPE ENGINE :NAME METROLINER :COLOR WHITE :FILLCOLOR GREEN
  :FILL 100 :AT TOLEDO :ORIENTATION EAST))
(REQUEST :RECEIVER DISPLAY :CONTENT
 (HIGHLIGHT METROLINER :COLOR GREEN :TYPE OBJECT :FLASH 10))
(REQUEST :RECEIVER DISPLAY :CONTENT
 (HIGHLIGHT PATH2 :COLOR RED :TYPE OBJECT :FLASH 10))
(REQUEST :RECEIVER SPEECH-AAA :CONTENT
 (SAY
  "METROLINER will traverse   BALTIMORE-SCRANTON, PITTSBURGH-SCRANTON, COLUMBUS-PITTSBURGH, and COLUMBUS-TOLEDO."))
(REQUEST :RECEIVER DISPLAY :CONTENT
 (SAY
  "METROLINER will traverse   BALTIMORE-SCRANTON, PITTSBURGH-SCRANTON, COLUMBUS-PITTSBURGH, and COLUMBUS-TOLEDO."))
(REQUEST :RECEIVER TRANSCRIPT :CONTENT
 (LOG "SYS say SAY   METROLINER will traverse   BALTIMORE-SCRANTON, PITTSBURGH-SCRANTON, COLUMBUS-PITTSBURGH, and COLUMBUS-TOLEDO."))
(REQUEST :RECEIVER TRANSCRIPT :CONTENT
 (LOG "SYS dsp highlight mentioned objs"))
(REQUEST :RECEIVER DISPLAY :CONTENT (DESTROY PATH2))
(REQUEST :RECEIVER DISPLAY :CONTENT
 (CREATE :TYPE ROUTE :NAME PATH3 :COLOR TURQUOISE :THICKNESS 2 :START
  BALTIMORE :TRACKS
  (BALTIMORE-SCRANTON PITTSBURGH-SCRANTON COLUMBUS-PITTSBURGH
   COLUMBUS-TOLEDO DETROIT-TOLEDO)))
(REQUEST :RECEIVER DISPLAY :CONTENT (DESTROY METROLINER))
(REQUEST :RECEIVER DISPLAY :CONTENT
 (CREATE :TYPE ENGINE :NAME METROLINER :COLOR PALEGREEN :FILLCOLOR
  GREEN :FILL 100 :AT DETROIT :ORIENTATION EAST))
(REQUEST :RECEIVER DISPLAY :CONTENT
 (HIGHLIGHT METROLINER :COLOR GREEN :TYPE OBJECT :FLASH 10))
(REQUEST :RECEIVER DISPLAY :CONTENT
 (HIGHLIGHT PATH3 :COLOR RED :TYPE OBJECT :FLASH 10))
(REQUEST :RECEIVER SPEECH-AAA :CONTENT
 (SAY
  "METROLINER will traverse   BALTIMORE-SCRANTON, PITTSBURGH-SCRANTON, COLUMBUS-PITTSBURGH, COLUMBUS-TOLEDO, and DETROIT-TOLEDO."))
(REQUEST :RECEIVER DISPLAY :CONTENT
 (SAY
  "METROLINER will traverse   BALTIMORE-SCRANTON, PITTSBURGH-SCRANTON, COLUMBUS-PITTSBURGH, COLUMBUS-TOLEDO, and DETROIT-TOLEDO."))
(REQUEST :RECEIVER TRANSCRIPT :CONTENT
 (LOG "SYS say SAY   METROLINER will traverse   BALTIMORE-SCRANTON, PITTSBURGH-SCRANTON, COLUMBUS-PITTSBURGH, COLUMBUS-TOLEDO, and DETROIT-TOLEDO."))
(ASK-ALL :ASPECT (?V11598 ?V11562) :CONTENT
 (:AND (:AT-LOC ?V11598 ?V11562) (:TYPE ?V11598 :ENGINE)
  (:TYPE ?V11562 :CITY))
 :SENDER OUTMGR :RECEIVER PS :RE MSG229 :REPLY-WITH MSG230)
(REQUEST :RECEIVER TRANSCRIPT :CONTENT
 (LOG "SYS dsp highlight mentioned objs"))
(REQUEST :RECEIVER SPEECH-AAA :CONTENT (SAY "ok, undone."))
(REQUEST :RECEIVER DISPLAY :CONTENT (SAY "ok, undone."))
(REQUEST :RECEIVER TRANSCRIPT :CONTENT
 (LOG "SYS say SAY   ok, undone."))
(REQUEST :RECEIVER DISPLAY :CONTENT (DESTROY NORTHSTAR))
(REQUEST :RECEIVER DISPLAY :CONTENT
 (CREATE :TYPE ENGINE :NAME NORTHSTAR :COLOR ORANGE :FILLCOLOR WHITE
  :FILL 100 :AT BURLINGTON :ORIENTATION EAST))
(REQUEST :RECEIVER DISPLAY :CONTENT
 (HIGHLIGHT NORTHSTAR :COLOR WHITE :TYPE OBJECT :FLASH 10))
(REQUEST :RECEIVER DISPLAY :CONTENT (DESTROY BULLET))
(REQUEST :RECEIVER DISPLAY :CONTENT
 (CREATE :TYPE ENGINE :NAME BULLET :COLOR CYAN :FILLCOLOR RED :FILL 100
  :AT TOLEDO :ORIENTATION EAST))
(REQUEST :RECEIVER DISPLAY :CONTENT
 (HIGHLIGHT BULLET :COLOR RED :TYPE OBJECT :FLASH 10))
(REQUEST :RECEIVER DISPLAY :CONTENT (DESTROY METROLINER))
(REQUEST :RECEIVER DISPLAY :CONTENT
 (CREATE :TYPE ENGINE :NAME METROLINER :COLOR CYAN :FILLCOLOR GREEN
  :FILL 100 :AT TOLEDO :ORIENTATION EAST))
(REQUEST :RECEIVER DISPLAY :CONTENT
 (HIGHLIGHT METROLINER :COLOR GREEN :TYPE OBJECT :FLASH 10))
(REQUEST :RECEIVER DISPLAY :CONTENT (DESTROY PATH3))
(REQUEST :RECEIVER DISPLAY :CONTENT (DESTROY PATH3))
(REQUEST :RECEIVER DISPLAY :CONTENT
 (CREATE :TYPE ROUTE :NAME PATH2 :COLOR CYAN :THICKNESS 2 :START
  BALTIMORE :TRACKS
  (BALTIMORE-SCRANTON PITTSBURGH-SCRANTON COLUMBUS-PITTSBURGH
   COLUMBUS-TOLEDO)))
(REQUEST :RECEIVER TRANSCRIPT :CONTENT
 (LOG "SYS dsp highlight mentioned objs"))
(REQUEST :RECEIVER DISPLAY :CONTENT (DESTROY PATH2))
(REQUEST :RECEIVER DISPLAY :CONTENT (DESTROY PATH2))
(REQUEST :RECEIVER DISPLAY :CONTENT
 (CREATE :TYPE ROUTE :NAME PATH2 :COLOR CYAN :THICKNESS 2 :START
  BALTIMORE :TRACKS
  (BALTIMORE-SCRANTON PITTSBURGH-SCRANTON COLUMBUS-PITTSBURGH
   COLUMBUS-TOLEDO)))
(REQUEST :RECEIVER DISPLAY :CONTENT (DESTROY METROLINER))
(REQUEST :RECEIVER DISPLAY :CONTENT
 (CREATE :TYPE ENGINE :NAME METROLINER :COLOR CYAN :FILLCOLOR GREEN
  :FILL 100 :AT TOLEDO :ORIENTATION EAST))
(REQUEST :RECEIVER DISPLAY :CONTENT
 (HIGHLIGHT METROLINER :COLOR GREEN :TYPE OBJECT :FLASH 10))
(REQUEST :RECEIVER DISPLAY :CONTENT
 (HIGHLIGHT PATH2 :COLOR RED :TYPE OBJECT :FLASH 10))
(REQUEST :RECEIVER TRANSCRIPT :CONTENT
 (LOG "SYS dsp highlight mentioned objs"))
(REQUEST :RECEIVER DISPLAY :CONTENT (DESTROY NORTHSTAR))
(REQUEST :RECEIVER DISPLAY :CONTENT
 (CREATE :TYPE ENGINE :NAME NORTHSTAR :COLOR CYAN :FILLCOLOR WHITE
  :FILL 100 :AT BURLINGTON :ORIENTATION EAST))
(REQUEST :RECEIVER DISPLAY :CONTENT
 (HIGHLIGHT NORTHSTAR :COLOR WHITE :TYPE OBJECT :FLASH 10))
(REQUEST :RECEIVER DISPLAY :CONTENT (DESTROY BULLET))
(REQUEST :RECEIVER DISPLAY :CONTENT
 (CREATE :TYPE ENGINE :NAME BULLET :COLOR CYAN :FILLCOLOR RED :FILL 100
  :AT TOLEDO :ORIENTATION EAST))
(REQUEST :RECEIVER DISPLAY :CONTENT
 (HIGHLIGHT BULLET :COLOR RED :TYPE OBJECT :FLASH 10))
(REQUEST :RECEIVER DISPLAY :CONTENT (DESTROY METROLINER))
(REQUEST :RECEIVER DISPLAY :CONTENT
 (CREATE :TYPE ENGINE :NAME METROLINER :COLOR CYAN :FILLCOLOR GREEN
  :FILL 100 :AT TOLEDO :ORIENTATION EAST))
(REQUEST :RECEIVER DISPLAY :CONTENT
 (HIGHLIGHT METROLINER :COLOR GREEN :TYPE OBJECT :FLASH 10))
(REQUEST :RECEIVER SPEECH-AAA :CONTENT
 (SAY
  "NORTHSTAR is at BURLINGTON, BULLET is at TOLEDO and METROLINER is at TOLEDO."))
(REQUEST :RECEIVER DISPLAY :CONTENT
 (SAY
  "NORTHSTAR is at BURLINGTON, BULLET is at TOLEDO and METROLINER is at TOLEDO."))
(REQUEST :RECEIVER TRANSCRIPT :CONTENT
 (LOG "SYS say SAY   NORTHSTAR is at BURLINGTON, BULLET is at TOLEDO and METROLINER is at TOLEDO."))
