(TELL :CONTENT (WORD "send" :INDEX 1) :SENDER KEYBOARD :RECEIVER PARSER)
(TELL :CONTENT (WORD "the" :INDEX 2) :SENDER KEYBOARD :RECEIVER PARSER)
(TELL :CONTENT (WORD "chicago" :INDEX 3) :SENDER KEYBOARD :RECEIVER
 PARSER)
(TELL :CONTENT (WORD "train" :INDEX 4) :SENDER KEYBOARD :RECEIVER
 PARSER)
(TELL :CONTENT (WORD "to" :INDEX 5) :SENDER KEYBOARD :RECEIVER PARSER)
(TELL :CONTENT (WORD "toledo" :INDEX 6) :SENDER KEYBOARD :RECEIVER
 PARSER)
(TELL :CONTENT (END) :SENDER KEYBOARD :RECEIVER PARSER)
(TELL :CONTENT
 (SA-REQUEST :FOCUS :V11621 :OBJECTS
  ((:DESCRIPTION (:STATUS :NAME) (:VAR :V11573) (:CLASS :CITY)
    (:LEX :CHICAGO) (:SORT :INDIVIDUAL))
   (:DESCRIPTION (:STATUS :DEFINITE) (:VAR :V11584) (:CLASS :TRAIN)
    (:SORT :INDIVIDUAL) (:CONSTRAINT (:ASSOC-WITH :V11584 :V11573)))
   (:DESCRIPTION (:STATUS :NAME) (:VAR :V11621) (:CLASS :CITY)
    (:LEX :TOLEDO) (:SORT :INDIVIDUAL)))
  :PATHS ((:PATH (:VAR :V11613) (:CONSTRAINT (:TO :V11613 :V11621))))
  :DEFS NIL :SEMANTICS
  (:PROP (:VAR :V11560) (:CLASS :MOVE)
   (:CONSTRAINT
    (:AND (:LSUBJ :V11560 :*YOU*) (:LOBJ :V11560 :V11584)
     (:LCOMP :V11560 :V11613))))
  :NOISE NIL :SOCIAL-CONTEXT NIL :RELIABILITY 100 :MODE KEYBOARD
  :SYNTAX ((:SUBJECT . :*YOU*) (:OBJECT . :V11584)) :SETTING NIL :INPUT
  (SEND THE CHICAGO TRAIN TO TOLEDO))
 :RE 1)
(TELL :CONTENT (WORD "send" :INDEX 1) :SENDER KEYBOARD :RECEIVER PARSER)
(TELL :CONTENT (WORD "the" :INDEX 2) :SENDER KEYBOARD :RECEIVER PARSER)
(TELL :CONTENT (WORD "baltimore" :INDEX 3) :SENDER KEYBOARD :RECEIVER
 PARSER)
(TELL :CONTENT (WORD "train" :INDEX 4) :SENDER KEYBOARD :RECEIVER
 PARSER)
(TELL :CONTENT (WORD "to" :INDEX 5) :SENDER KEYBOARD :RECEIVER PARSER)
(TELL :CONTENT (WORD "toledo" :INDEX 6) :SENDER KEYBOARD :RECEIVER
 PARSER)
(TELL :CONTENT (END) :SENDER KEYBOARD :RECEIVER PARSER)
(TELL :CONTENT
 (SA-REQUEST :FOCUS :V11715 :OBJECTS
  ((:DESCRIPTION (:STATUS :NAME) (:VAR :V11667) (:CLASS :CITY)
    (:LEX :BALTIMORE) (:SORT :INDIVIDUAL))
   (:DESCRIPTION (:STATUS :DEFINITE) (:VAR :V11678) (:CLASS :TRAIN)
    (:SORT :INDIVIDUAL) (:CONSTRAINT (:ASSOC-WITH :V11678 :V11667)))
   (:DESCRIPTION (:STATUS :NAME) (:VAR :V11715) (:CLASS :CITY)
    (:LEX :TOLEDO) (:SORT :INDIVIDUAL)))
  :PATHS ((:PATH (:VAR :V11707) (:CONSTRAINT (:TO :V11707 :V11715))))
  :DEFS NIL :SEMANTICS
  (:PROP (:VAR :V11654) (:CLASS :MOVE)
   (:CONSTRAINT
    (:AND (:LSUBJ :V11654 :*YOU*) (:LOBJ :V11654 :V11678)
     (:LCOMP :V11654 :V11707))))
  :NOISE NIL :SOCIAL-CONTEXT NIL :RELIABILITY 100 :MODE KEYBOARD
  :SYNTAX ((:SUBJECT . :*YOU*) (:OBJECT . :V11678)) :SETTING NIL :INPUT
  (SEND THE BALTIMORE TRAIN TO TOLEDO))
 :RE 2)
(TELL :CONTENT (WORD "send" :INDEX 1) :SENDER KEYBOARD :RECEIVER PARSER)
(TELL :CONTENT (WORD "the" :INDEX 2) :SENDER KEYBOARD :RECEIVER PARSER)
(TELL :CONTENT (WORD "toledo" :INDEX 3) :SENDER KEYBOARD :RECEIVER
 PARSER)
(TELL :CONTENT (WORD "train" :INDEX 4) :SENDER KEYBOARD :RECEIVER
 PARSER)
(TELL :CONTENT (WORD "to" :INDEX 5) :SENDER KEYBOARD :RECEIVER PARSER)
(TELL :CONTENT (WORD "detroit" :INDEX 6) :SENDER KEYBOARD :RECEIVER
 PARSER)
(TELL :CONTENT (END) :SENDER KEYBOARD :RECEIVER PARSER)
(TELL :CONTENT
 (SA-REQUEST :FOCUS :V11809 :OBJECTS
  ((:DESCRIPTION (:STATUS :NAME) (:VAR :V11761) (:CLASS :CITY)
    (:LEX :TOLEDO) (:SORT :INDIVIDUAL))
   (:DESCRIPTION (:STATUS :DEFINITE) (:VAR :V11772) (:CLASS :TRAIN)
    (:SORT :INDIVIDUAL) (:CONSTRAINT (:ASSOC-WITH :V11772 :V11761)))
   (:DESCRIPTION (:STATUS :NAME) (:VAR :V11809) (:CLASS :CITY)
    (:LEX :DETROIT) (:SORT :INDIVIDUAL)))
  :PATHS ((:PATH (:VAR :V11801) (:CONSTRAINT (:TO :V11801 :V11809))))
  :DEFS NIL :SEMANTICS
  (:PROP (:VAR :V11748) (:CLASS :MOVE)
   (:CONSTRAINT
    (:AND (:LSUBJ :V11748 :*YOU*) (:LOBJ :V11748 :V11772)
     (:LCOMP :V11748 :V11801))))
  :NOISE NIL :SOCIAL-CONTEXT NIL :RELIABILITY 100 :MODE KEYBOARD
  :SYNTAX ((:SUBJECT . :*YOU*) (:OBJECT . :V11772)) :SETTING NIL :INPUT
  (SEND THE TOLEDO TRAIN TO DETROIT))
 :RE 3)
(TELL :CONTENT (WORD "no" :INDEX 1) :SENDER KEYBOARD :RECEIVER PARSER)
(TELL :CONTENT (END) :SENDER KEYBOARD :RECEIVER PARSER)
(TELL :CONTENT
 (SA-REJECT :FOCUS NIL :OBJECTS NIL :PATHS NIL :DEFS NIL :SEMANTICS :NO
  :NOISE NIL :SOCIAL-CONTEXT NIL :RELIABILITY 100 :MODE KEYBOARD
  :SYNTAX ((:SUBJECT) (:OBJECT)) :SETTING NIL :INPUT (NO))
 :RE 4)
(TELL :CONTENT (WORD "where" :INDEX 1) :SENDER KEYBOARD :RECEIVER
 PARSER)
(TELL :CONTENT (WORD "are" :INDEX 2) :SENDER KEYBOARD :RECEIVER PARSER)
(TELL :CONTENT (WORD "the" :INDEX 3) :SENDER KEYBOARD :RECEIVER PARSER)
(TELL :CONTENT (WORD "trains" :INDEX 4) :SENDER KEYBOARD :RECEIVER
 PARSER)
(TELL :CONTENT (END) :SENDER KEYBOARD :RECEIVER PARSER)
(TELL :CONTENT
 (SA-WH-QUESTION :FOCUS :V11863 :OBJECTS
  ((:DESCRIPTION (:STATUS :WH) (:VAR :V11863) (:CLASS :LOCATION)
    (:LEX :WHERE) (:SORT :INDIVIDUAL))
   (:DESCRIPTION (:STATUS :DEFINITE) (:VAR :V11899) (:SORT :SET)
    (:CLASS (:PRED (:ARG :ELEM11906) (:CLASS :TRAIN)))))
  :PATHS NIL :DEFS NIL :SEMANTICS
  (:PROP (:VAR :V11885) (:CLASS (:BE :AT-LOC))
   (:CONSTRAINT
    (:AND (:LSUBJ :V11885 :V11899) (:LOBJ :V11885 :V11863))))
  :NOISE NIL :SOCIAL-CONTEXT NIL :RELIABILITY 100 :MODE KEYBOARD
  :SYNTAX ((:SUBJECT . :V11899) (:OBJECT)) :SETTING NIL :INPUT
  (WHERE BE THE TRAIN))
 :RE 5)
NIL
