(TELL :CONTENT
 (START-CONVERSATION :NAME "D. Purushothaman,,,," :LANG "US English"
  :SEX "male" :INTRO NIL :GOALS :ROOTABEGA :SCORING T)
 :SENDER SPLASH :RECEIVER PS)

;; %S
(REQUEST :RE 99999 :REPLY-WITH CPS37 :RECEIVER PS :CONTENT
 (:NEW-PROBLEM :CONTENT
  (:AND (:AND (:TYPE WASHINGTON :CITY) (:DELAY :SNOW WASHINGTON 3))
   (:TYPE TORONTO :CITY)
   (:AND (:TYPE TOLEDO :CITY) (:DELAY :ZEALOTS TOLEDO 12))
   (:TYPE SYRACUSE :CITY) (:TYPE SCRANTON :CITY) (:TYPE RICHMOND :CITY)
   (:TYPE RALEIGH :CITY) (:TYPE PITTSBURGH :CITY)
   (:TYPE PHILADELPHIA :CITY) (:TYPE NEW_YORK :CITY)
   (:TYPE MONTREAL :CITY) (:TYPE MILWAUKEE :CITY)
   (:TYPE LEXINGTON :CITY) (:TYPE INDIANAPOLIS :CITY)
   (:TYPE DETROIT :CITY)
   (:AND (:TYPE COLUMBUS :CITY) (:DELAY :HEAVY-STORMS COLUMBUS 4))
   (:TYPE CLEVELAND :CITY) (:TYPE CINCINNATI :CITY)
   (:TYPE CHICAGO :CITY) (:TYPE CHARLOTTE :CITY)
   (:TYPE CHARLESTON :CITY) (:TYPE BOSTON :CITY)
   (:TYPE BURLINGTON :CITY) (:TYPE BUFFALO :CITY)
   (:TYPE BALTIMORE :CITY) (:TYPE ATLANTA :CITY) (:TYPE ALBANY :CITY)
   (:AND (:TYPE SCRANTON-SYRACUSE :TRACK)
    (:CONNECTION SCRANTON-SYRACUSE SCRANTON SYRACUSE :TRAIN 160 4.75))
   (:AND (:TYPE RICHMOND-WASHINGTON :TRACK)
    (:CONNECTION RICHMOND-WASHINGTON RICHMOND WASHINGTON :TRAIN 109 3))
   (:AND (:TYPE RALEIGH-RICHMOND :TRACK)
    (:CONNECTION RALEIGH-RICHMOND RALEIGH RICHMOND :TRAIN 196 5.56))
   (:AND (:TYPE PITTSBURGH-SCRANTON :TRACK)
    (:CONNECTION PITTSBURGH-SCRANTON PITTSBURGH SCRANTON :TRAIN 300 9))
   (:AND (:TYPE PHILADELPHIA-SCRANTON :TRACK)
    (:CONNECTION PHILADELPHIA-SCRANTON PHILADELPHIA SCRANTON :TRAIN 104
     3.56))
   (:AND (:TYPE NEW_YORK_CITY-PHILADELPHIA :TRACK)
    (:CONNECTION NEW_YORK_CITY-PHILADELPHIA NEW_YORK PHILADELPHIA
     :TRAIN 91 2.52))
   (:AND (:TYPE NEW_YORK_CITY-SCRANTON :TRACK)
    (:CONNECTION NEW_YORK_CITY-SCRANTON NEW_YORK SCRANTON :TRAIN 151
     3.75))
   (:AND (:TYPE MONTREAL-TORONTO :TRACK)
    (:CONNECTION MONTREAL-TORONTO MONTREAL TORONTO :TRAIN 323 7.28))
   (:AND (:TYPE INDIANAPOLIS-LEXINGTON :TRACK)
    (:CONNECTION INDIANAPOLIS-LEXINGTON INDIANAPOLIS LEXINGTON :TRAIN
     200 4.5))
   (:AND (:TYPE DETROIT-TORONTO :TRACK)
    (:CONNECTION DETROIT-TORONTO DETROIT TORONTO :TRAIN 240 6))
   (:AND (:TYPE DETROIT-TOLEDO :TRACK)
    (:CONNECTION DETROIT-TOLEDO DETROIT TOLEDO :TRAIN 58 2.25))
   (:AND (:TYPE CINCINNATI-COLUMBUS :TRACK)
    (:CONNECTION CINCINNATI-COLUMBUS COLUMBUS CINCINNATI :TRAIN 120 4))
   (:AND (:TYPE COLUMBUS-PITTSBURGH :TRACK)
    (:CONNECTION COLUMBUS-PITTSBURGH COLUMBUS PITTSBURGH :TRAIN 182
     6.5))
   (:AND (:TYPE COLUMBUS-INDIANAPOLIS :TRACK)
    (:CONNECTION COLUMBUS-INDIANAPOLIS COLUMBUS INDIANAPOLIS :TRAIN 171
     5.5))
   (:AND (:TYPE COLUMBUS-TOLEDO :TRACK)
    (:CONNECTION COLUMBUS-TOLEDO COLUMBUS TOLEDO :TRAIN 133 3.75))
   (:AND (:TYPE CLEVELAND-TOLEDO :TRACK)
    (:CONNECTION CLEVELAND-TOLEDO CLEVELAND TOLEDO :TRAIN 107 3.22))
   (:AND (:TYPE CINCINNATI-LEXINGTON :TRACK)
    (:CONNECTION CINCINNATI-LEXINGTON CINCINNATI LEXINGTON :TRAIN 80
     2))
   (:AND (:TYPE CINCINNATI-INDIANAPOLIS :TRACK)
    (:CONNECTION CINCINNATI-INDIANAPOLIS CINCINNATI INDIANAPOLIS :TRAIN
     132 5.25))
   (:AND (:TYPE CHICAGO-TOLEDO :TRACK)
    (:CONNECTION CHICAGO-TOLEDO CHICAGO TOLEDO :TRAIN 234 6.35))
   (:AND (:TYPE CHICAGO-INDIANAPOLIS :TRACK)
    (:CONNECTION CHICAGO-INDIANAPOLIS CHICAGO INDIANAPOLIS :TRAIN 195
     7.18))
   (:AND (:TYPE CHICAGO-MILWAUKEE :TRACK)
    (:CONNECTION CHICAGO-MILWAUKEE CHICAGO MILWAUKEE :TRAIN 90 2.3))
   (:AND (:TYPE CHARLOTTE-RALEIGH :TRACK)
    (:CONNECTION CHARLOTTE-RALEIGH CHARLOTTE RALEIGH :TRAIN 172 5.3))
   (:AND (:TYPE CHARLESTON-CHARLOTTE :TRACK)
    (:CONNECTION CHARLESTON-CHARLOTTE CHARLESTON CHARLOTTE :TRAIN 400
     12))
   (:AND (:TYPE CHARLESTON-RICHMOND :TRACK)
    (:CONNECTION CHARLESTON-RICHMOND CHARLESTON RICHMOND :TRAIN 306
     8.75))
   (:AND (:TYPE CHARLESTON-PITTSBURGH :TRACK)
    (:CONNECTION CHARLESTON-PITTSBURGH CHARLESTON PITTSBURGH :TRAIN 213
     7.1))
   (:AND (:TYPE CHARLESTON-CINCINNATI :TRACK)
    (:CONNECTION CHARLESTON-CINCINNATI CHARLESTON CINCINNATI :TRAIN 210
     7))
   (:AND (:TYPE BOSTON-NEW_YORK_CITY :TRACK)
    (:CONNECTION BOSTON-NEW_YORK_CITY BOSTON NEW_YORK :TRAIN 231 6.63))
   (:AND (:TYPE BURLINGTON-MONTREAL :TRACK)
    (:CONNECTION BURLINGTON-MONTREAL BURLINGTON MONTREAL :TRAIN 100
     3.75))
   (:AND (:TYPE BUFFALO-PITTSBURGH :TRACK)
    (:CONNECTION BUFFALO-PITTSBURGH BUFFALO PITTSBURGH :TRAIN 249
     7.28))
   (:AND (:TYPE BUFFALO-SYRACUSE :TRACK)
    (:CONNECTION BUFFALO-SYRACUSE BUFFALO SYRACUSE :TRAIN 152 3.52))
   (:AND (:TYPE BUFFALO-TORONTO :TRACK)
    (:CONNECTION BUFFALO-TORONTO BUFFALO TORONTO :TRAIN 90 6.12))
   (:AND (:TYPE BUFFALO-CLEVELAND :TRACK)
    (:CONNECTION BUFFALO-CLEVELAND BUFFALO CLEVELAND :TRAIN 187 4.47))
   (:AND (:TYPE BALTIMORE-PHILADELPHIA :TRACK)
    (:CONNECTION BALTIMORE-PHILADELPHIA BALTIMORE PHILADELPHIA :TRAIN
     94 2.2))
   (:AND (:TYPE BALTIMORE-SCRANTON :TRACK)
    (:CONNECTION BALTIMORE-SCRANTON BALTIMORE SCRANTON :TRAIN 142
     5.25))
   (:AND (:TYPE BALTIMORE-WASHINGTON :TRACK)
    (:CONNECTION BALTIMORE-WASHINGTON BALTIMORE WASHINGTON :TRAIN 41
     1.1))
   (:AND (:TYPE ATLANTA-LEXINGTON :TRACK)
    (:CONNECTION ATLANTA-LEXINGTON ATLANTA LEXINGTON :TRAIN 400 11))
   (:AND (:TYPE ATLANTA-CHARLOTTE :TRACK)
    (:CONNECTION ATLANTA-CHARLOTTE ATLANTA CHARLOTTE :TRAIN 257 6.92))
   (:AND (:TYPE ALBANY-SYRACUSE :TRACK)
    (:CONNECTION ALBANY-SYRACUSE ALBANY SYRACUSE :TRAIN 144 3.95))
   (:AND (:TYPE ALBANY-NEW_YORK_CITY :TRACK)
    (:CONNECTION ALBANY-NEW_YORK_CITY ALBANY NEW_YORK :TRAIN 141 3.62))
   (:AND (:TYPE ALBANY-BOSTON :TRACK)
    (:CONNECTION ALBANY-BOSTON ALBANY BOSTON :TRAIN 199 7.5))
   (:AND (:TYPE ALBANY-BURLINGTON :TRACK)
    (:CONNECTION ALBANY-BURLINGTON ALBANY BURLINGTON :TRAIN 140 5))
   (:AND (:TYPE NORTHSTAR :ENGINE) (:AT-LOC NORTHSTAR BURLINGTON))
   (:AND (:TYPE METROLINER :ENGINE) (:AT-LOC METROLINER BALTIMORE))
   (:AND (:TYPE BULLET :ENGINE) (:AT-LOC BULLET CHICAGO))))
 :SENDER SCORE)
(REPLY :CONTENT
 (ANSWER :RESULT (:CLEARED) :PLAN-ID R341 :PS-STATE PSS522) :RECEIVER
 SCORE :IN-REPLY-TO CPS37 :RE 99999)
(ASK-ALL :ASPECT (?V11584) :CONTENT
 (:AND (:TYPE TOLEDO :CITY) (:TYPE ?V11584 :ENGINE)
  (:AT-LOC ?V11584 CHICAGO) (:TYPE CHICAGO :CITY))
 :SENDER DM :RECEIVER PS :RE MSG12 :REPLY-WITH MSG57)
(REPLY :CONTENT (ANSWER :RESULT ((BULLET)) :VARS (?V11584)) :RECEIVER
 DM :IN-REPLY-TO MSG57 :RE MSG12)
(REQUEST :CONTENT
 (:NEW-SUBPLAN :PLAN-ID R341 :CONTENT
  (:GO GO1 (:AND (:AGENT BULLET) (:TO TOLEDO))))
 :SENDER DM :RECEIVER PS :RE MSG12 :REPLY-WITH MSG68)
(REPLY :CONTENT
 (:ANSWER :RECOGNITION-SCORE :GOOD :ANSWER-SCORE :GOOD :PS-STATE PSS552
  :RESULT
  (:NEW-SUBPLAN :OBJECTS (BULLET CHICAGO TOLEDO) :PLAN
   (PLAN551 :GOAL
    (:GO GO1 (:AGENT BULLET) (:TO TOLEDO) (:FROM CHICAGO)) :AGENT
    BULLET :ACTIONS
    ((:GO GO549 (:FROM CHICAGO) (:TO TOLEDO)
      (:TRACK CHICAGO-TOLEDO)))))
  :REASON NIL)
 :RECEIVER DM :IN-REPLY-TO MSG68 :RE MSG12)
(REQUEST :CONTENT (:UPDATE-PSS :PS-STATE PSS552) :SENDER DM :RECEIVER
 PS :RE MSG12 :REPLY-WITH MSG84)
(REPLY :CONTENT
 (ANSWER :RESULT (:PSS-UPDATE :SUCCESS) :PLAN-ID PLAN551) :RECEIVER DM
 :IN-REPLY-TO MSG84 :RE MSG12)
(ASK-ALL :ASPECT (?V11678) :CONTENT
 (:AND (:TYPE TOLEDO :CITY) (:TYPE ?V11678 :ENGINE)
  (:AT-LOC ?V11678 BALTIMORE) (:TYPE BALTIMORE :CITY))
 :SENDER DM :RECEIVER PS :RE MSG98 :REPLY-WITH MSG143)
(REPLY :CONTENT (ANSWER :RESULT ((METROLINER)) :VARS (?V11678))
 :RECEIVER DM :IN-REPLY-TO MSG143 :RE MSG98)
(REQUEST :CONTENT
 (:NEW-SUBPLAN :PLAN-ID R341 :CONTENT
  (:GO GO2 (:AND (:AGENT METROLINER) (:TO TOLEDO))))
 :SENDER DM :RECEIVER PS :RE MSG98 :REPLY-WITH MSG154)
(REPLY :CONTENT
 (:ANSWER :RECOGNITION-SCORE :GOOD :ANSWER-SCORE :GOOD :PS-STATE PSS668
  :RESULT
  (:NEW-SUBPLAN :OBJECTS (METROLINER BALTIMORE TOLEDO) :PLAN
   (PLAN667 :GOAL
    (:GO GO2 (:AGENT METROLINER) (:TO TOLEDO) (:FROM BALTIMORE)) :AGENT
    METROLINER :ACTIONS
    ((:GO GO662 (:FROM BALTIMORE) (:TO SCRANTON)
      (:TRACK BALTIMORE-SCRANTON))
     (:GO GO663 (:FROM SCRANTON) (:TO PITTSBURGH)
      (:TRACK PITTSBURGH-SCRANTON))
     (:GO GO664 (:FROM PITTSBURGH) (:TO COLUMBUS)
      (:TRACK COLUMBUS-PITTSBURGH))
     (:GO GO665 (:FROM COLUMBUS) (:TO TOLEDO)
      (:TRACK COLUMBUS-TOLEDO)))))
  :REASON NIL)
 :RECEIVER DM :IN-REPLY-TO MSG154 :RE MSG98)
(REQUEST :CONTENT (:UPDATE-PSS :PS-STATE PSS668) :SENDER DM :RECEIVER
 PS :RE MSG98 :REPLY-WITH MSG182)
(REPLY :CONTENT
 (ANSWER :RESULT (:PSS-UPDATE :SUCCESS) :PLAN-ID PLAN667) :RECEIVER DM
 :IN-REPLY-TO MSG182 :RE MSG98)
(ASK-ALL :ASPECT (?V11772) :CONTENT
 (:AND (:TYPE DETROIT :CITY) (:TYPE ?V11772 :ENGINE)
  (:AT-LOC ?V11772 TOLEDO) (:TYPE TOLEDO :CITY))
 :SENDER DM :RECEIVER PS :RE MSG196 :REPLY-WITH MSG241)
(REPLY :CONTENT
 (ANSWER :RESULT ((METROLINER) (BULLET)) :VARS (?V11772)) :RECEIVER DM
 :IN-REPLY-TO MSG241 :RE MSG196)
(REQUEST :CONTENT
 (:NEW-SUBPLAN :PLAN-ID R341 :CONTENT
  (:GO GO3 (:AND (:AGENT METROLINER) (:TO DETROIT))))
 :SENDER DM :RECEIVER PS :RE MSG196 :REPLY-WITH MSG253)
(REPLY :CONTENT
 (:ANSWER :RECOGNITION-SCORE :IMPOSSIBLE :ANSWER-SCORE :IMPOSSIBLE
  :PS-STATE PSS669 :RESULT NIL :REASON
  (:REASON :TYPE :MULTIPLE-USE-OF-AGENT :INFO METROLINER :MSG NIL))
 :RECEIVER DM :IN-REPLY-TO MSG253 :RE MSG196)
(REQUEST :CONTENT
 (:DO-WHAT-YOU-CAN :PLAN-ID R341 :CONTENT
  (:GO GO4 (:AND (:AGENT METROLINER) (:TO DETROIT))))
 :SENDER DM :RECEIVER PS :RE MSG196 :REPLY-WITH MSG262)
(REPLY :CONTENT
 (:ANSWER :RECOGNITION-SCORE :GOOD :ANSWER-SCORE :GOOD :PS-STATE PSS832
  :RESULT
  (NEW-SUBPLAN :OBJECTS (DETROIT TOLEDO METROLINER BALTIMORE) :PLAN
   (PLAN667 :GOAL
    (:GO GO696 (:TO DETROIT) (:VIA TOLEDO) (:FROM BALTIMORE)
     (:AGENT METROLINER))
    :AGENT METROLINER :ACTIONS
    ((:GO GO697 (:FROM BALTIMORE) (:TO SCRANTON)
      (:TRACK BALTIMORE-SCRANTON))
     (:GO GO698 (:FROM SCRANTON) (:TO PITTSBURGH)
      (:TRACK PITTSBURGH-SCRANTON))
     (:GO GO699 (:FROM PITTSBURGH) (:TO COLUMBUS)
      (:TRACK COLUMBUS-PITTSBURGH))
     (:GO GO700 (:FROM COLUMBUS) (:TO TOLEDO) (:TRACK COLUMBUS-TOLEDO))
     (:GO GO701 (:FROM TOLEDO) (:TO DETROIT)
      (:TRACK DETROIT-TOLEDO)))))
  :REASON NIL)
 :RECEIVER DM :IN-REPLY-TO MSG262 :RE MSG196)
(REQUEST :CONTENT (:UPDATE-PSS :PS-STATE PSS832) :SENDER DM :RECEIVER
 PS :RE MSG196 :REPLY-WITH MSG295)
(REPLY :CONTENT
 (ANSWER :RESULT (:PSS-UPDATE :SUCCESS) :PLAN-ID PLAN667) :RECEIVER DM
 :IN-REPLY-TO MSG295 :RE MSG196)
(REQUEST :CONTENT (:UNDO :PS-STATE PSS668) :SENDER DM :RECEIVER PS :RE
 MSG309 :REPLY-WITH MSG316)
(REPLY :CONTENT
 (ANSWER :RESULT (:UNDONE :CHANGED-PLANS (PLAN667) :DELETED-PLANS NIL)
  :PS-STATE PSS668)
 :RECEIVER DM :IN-REPLY-TO MSG316 :RE MSG309)
(ASK-ALL :ASPECT (?V11598 ?V11562) :CONTENT
 (:AND (:AT-LOC ?V11598 ?V11562) (:TYPE ?V11598 :ENGINE)
  (:TYPE ?V11562 :CITY))
 :SENDER OUTMGR :RECEIVER PS :RE MSG229 :REPLY-WITH MSG230)
(REPLY :CONTENT
 (ANSWER :RESULT
  ((NORTHSTAR BURLINGTON) (BULLET TOLEDO) (METROLINER TOLEDO)) :VARS
  (?V11598 ?V11562))
 :RECEIVER OUTMGR :IN-REPLY-TO MSG230 :RE MSG229)
(ASK-ALL :ASPECT (?V11899 ?V11863) :CONTENT
 (:AND (:AT-LOC ?V11899 ?V11863) (:TYPE ?V11899 :ENGINE)
  (:TYPE ?V11863 :CITY))
 :SENDER DM :RECEIVER PS :RE MSG322 :REPLY-WITH MSG356)
(REPLY :CONTENT
 (ANSWER :RESULT
  ((NORTHSTAR BURLINGTON) (BULLET TOLEDO) (METROLINER TOLEDO)) :VARS
  (?V11899 ?V11863))
 :RECEIVER DM :IN-REPLY-TO MSG356 :RE MSG322)
NIL
